<testsuites id="" name="" tests="42" failures="0" skipped="0" errors="0" time="547.29905">
<testsuite name="JsaWorkflow.spec.ts" timestamp="2025-02-20T07:48:45.701Z" hostname="chromium" tests="14" failures="0" skipped="0" time="584.219" errors="0">
<testcase name="@jsa without revert - No other approvers @smoke › Request JSA as issuer " classname="JsaWorkflow.spec.ts" time="75.428">
<system-out>
<![CDATA[Console Listener fixture...
Attempting to authenticates user <e2e issuer> ...
...visited the sign-in page
Signing in as <e2e_issuer_user@cntxt.com>
...performing sign-in operation
...navigating to application
User <e2e issuer> authenticated successfully
Module Id:<cm7d1c99b001mu8tl0j8k0txk>
Item Name:<2251799813685471>
Filling JSA form with following data:
{
  "Title": "cultellus colligo vesica corrumpo vindico depereo curis decerno casus communis",
  "Description": "abundans acceptus vicinus vigor voluptatum adulatio enim suffragium tabernus censura adsuesco vobis territo cribro recusandae arbitro curso cupio odit tutis",
  "PlannedDate": "27 February 2025",
  "facilityName": "Khobar",
  "plantNameOrCode": "tribuo socius acidus",
  "Equipment": "deprecator cedo ratione tamquam aspicio caterva conicio adipisci clam teres",
  "Attachments": "/home/runner/work/applications-product/applications-product/apps/work-permit-e2e/e2e/attachments/regular_size_file.pdf",
  "hiddenId": "/modules/cm7d1c99b001mu8tl0j8k0txk/items/2251799813685471",
  "hiddenName": "Unknown name"
}
Checking response:
url=<http://localhost:4200/api/v1/workflows/process-instances/2251799813685471/variables?local=true&elementInstanceKey=2251799813685492> postData <{"equipment":"deprecator cedo ratione tamquam aspicio caterva conicio adipisci clam teres","lastUpdatedTimestamp_2251799813685496":1740037785932}>
urlPattern </workflows\/process-instances\/\d+\/variables\?.*/> expPayload <attachments>
Checking response:
url=<http://localhost:4200/api/v1/files> postData <null>
urlPattern </workflows\/process-instances\/\d+\/variables\?.*/> expPayload <attachments>
Checking response:
url=<http://localhost:4200/api/v1/workflows/process-instances/2251799813685471/variables?local=true&elementInstanceKey=2251799813685492> postData <{"attachments":[{"id":"953b1a10-c75c-430a-b28a-aeeebb409614","type":"cm7d1c0qr0002u8tlri2ourws/cm7d1c99b001mu8tl0j8k0txk/regular_size_file.pdf","name":"cm7d1c0qr0002u8tlri2ourws/cm7d1c99b001mu8tl0j8k0txk/regular_size_file.pdf","url":"https://storage.googleapis.com/work_permit_files/cm7d1c0qr0002u8tlri2ourws/cm7d1c99b001mu8tl0j8k0txk/regular_size_file.pdf?X-Goog-Algorithm=GOOG4-RSA-SHA256&X-Goog-Credential=work-permit-bucket-sa%40cntxt-product-work-permit.iam.gserviceaccount.com%2F20250220%2Fauto%2Fstorage%2Fgoog4_request&X-Goog-Date=20250220T074947Z&X-Goog-Expires=86400&X-Goog-SignedHeaders=host&X-Goog-Signature=a308998aac4cf265ecb5f27abcee972e0e5bcff7632bbdae94498e7971bd2bb0f055328dec7481d1975af8f9c2fdffdd33f193d1260815e48ab61acdc010e12ddf0e2b9e3cc8aa6cb52e881a3efd6526a75b230242bf77c4cb4b60fdd9d4b68a3160fa19eb391b1522cd0363421ac3d03d9738304dbb77cc753b0f6d7ace8cfe1722dfa760020522d432b15a4ab21edec874039a7184303f8edd187ca7171bb7d1d675b73a6d1b5ca3e9336090fd9849bcf26427a93cf3fd04d0d85a334b39522ba29947a8f926d89b1567b75104377f45669c3e195784bbc9b5b66f3447b094f4a23d1ca1040201019f0762fbfee885460ed98070519e7f7dec652781a18f8a"}],"lastUpdatedTimestamp_2251799813685496":1740037787130}>
urlPattern </workflows\/process-instances\/\d+\/variables\?.*/> expPayload <attachments>
Complete response JSON
{
  "workToBeDone": "cultellus colligo vesica corrumpo vindico depereo curis decerno casus communis",
  "description": "abundans acceptus vicinus vigor voluptatum adulatio enim suffragium tabernus censura adsuesco vobis territo cribro recusandae arbitro curso cupio odit tutis",
  "jsaDate": "2025-02-27T00:00:00Z",
  "facilityName": {
    "label": "Khobar",
    "value": "cm7d1c0qt0003u8tl1ikyy1un",
    "id": "cm7d1c0qt0003u8tl1ikyy1un",
    "shifts": [
      {
        "id": "cm7d1c0qv0004u8tl6c5dqa5a",
        "name": "Khobar Morning Shift",
        "startTime": "2024-01-01T08:00:00.000Z",
        "endTime": "2024-01-01T16:00:00.000Z",
        "locationId": "cm7d1c0qt0003u8tl1ikyy1un",
        "createdAt": "2025-02-20T07:43:07.207Z",
        "updatedAt": "2025-02-20T07:43:07.207Z"
      },
      {
        "id": "cm7d1c0qv0005u8tl6yy4js86",
        "name": "Khobar Evening Shift",
        "startTime": "2024-01-01T16:00:00.000Z",
        "endTime": "2024-01-01T23:59:59.000Z",
        "locationId": "cm7d1c0qt0003u8tl1ikyy1un",
        "createdAt": "2025-02-20T07:43:07.207Z",
        "updatedAt": "2025-02-20T07:43:07.207Z"
      }
    ],
    "startDate": "1900-01-01T08:00:00.000Z",
    "endDate": "1900-01-01T23:59:59.000Z"
  },
  "plantName": "tribuo socius acidus",
  "equipment": "deprecator cedo ratione tamquam aspicio caterva conicio adipisci clam teres",
  "submitGeneralInformation": "submit",
  "attachments": [
    {
      "id": "953b1a10-c75c-430a-b28a-aeeebb409614",
      "type": "cm7d1c0qr0002u8tlri2ourws/cm7d1c99b001mu8tl0j8k0txk/regular_size_file.pdf",
      "name": "cm7d1c0qr0002u8tlri2ourws/cm7d1c99b001mu8tl0j8k0txk/regular_size_file.pdf",
      "url": "https://storage.googleapis.com/work_permit_files/cm7d1c0qr0002u8tlri2ourws/cm7d1c99b001mu8tl0j8k0txk/regular_size_file.pdf?X-Goog-Algorithm=GOOG4-RSA-SHA256&X-Goog-Credential=work-permit-bucket-sa%40cntxt-product-work-permit.iam.gserviceaccount.com%2F20250220%2Fauto%2Fstorage%2Fgoog4_request&X-Goog-Date=20250220T074947Z&X-Goog-Expires=86400&X-Goog-SignedHeaders=host&X-Goog-Signature=a308998aac4cf265ecb5f27abcee972e0e5bcff7632bbdae94498e7971bd2bb0f055328dec7481d1975af8f9c2fdffdd33f193d1260815e48ab61acdc010e12ddf0e2b9e3cc8aa6cb52e881a3efd6526a75b230242bf77c4cb4b60fdd9d4b68a3160fa19eb391b1522cd0363421ac3d03d9738304dbb77cc753b0f6d7ace8cfe1722dfa760020522d432b15a4ab21edec874039a7184303f8edd187ca7171bb7d1d675b73a6d1b5ca3e9336090fd9849bcf26427a93cf3fd04d0d85a334b39522ba29947a8f926d89b1567b75104377f45669c3e195784bbc9b5b66f3447b094f4a23d1ca1040201019f0762fbfee885460ed98070519e7f7dec652781a18f8a"
    }
  ],
  "taskSubmittingUser": {
    "id": "e2e_issuer_user@cntxt.com",
    "name": "e2e issuer",
    "email": "e2e_issuer_user@cntxt.com",
    "org": "cm7d1c0qr0002u8tlri2ourws",
    "currentOrg": {
      "id": "cm7d1c0qr0002u8tlri2ourws",
      "name": "E2E Org",
      "userId": null,
      "currentWorkflowId": "",
      "parentOrgId": null,
      "tenantId": 1,
      "externalId": null
    },
    "actions": [
      "WORKFLOW_READ_PERMIT",
      "WORKFLOW_ASSIGN_ISSUER",
      "WORKFLOW_ASSIGN_RECEIVER",
      "WORKFLOW_PROGRESS_PERMIT",
      "WORKFLOW_GAS_TESTS_REVIEW",
      "WORKFLOW_AUTHORIZE_PERMIT",
      "WORKFLOW_ISSUE_PERMIT",
      "WORKFLOW_ACTIVE_PERMIT_ACTIONS",
      "WORKFLOW_FORM_WORK_DESCRIPTION",
      "WORKFLOW_FORM_WORK_TYPE",
      "WORKFLOW_FORM_HAZARD_IDENTIFICATION",
      "WORKFLOW_FORM_SUPPLEMENTARY_DOCUMENTS",
      "WORKFLOW_FORM_SCHEDULE_SITE_VISIT",
      "WORKFLOW_FORM_REVIEW_GAS_TESTS",
      "WORKFLOW_FORM_JSI",
      "WORKFLOW_COMPLETE_JSI",
      "WORKFLOW_FORM_ISSUE_PERMIT",
      "WORKFLOW_FORM_POST_WORK_INSPECTION",
      "WORKFLOW_READ_PERMIT",
      "WORKFLOW_CREATE_PERMIT",
      "WORKFLOW_FORM_RENEW",
      "WORKFLOW_FORM_WORK_DESCRIPTION_REVIEW",
      "WORKFLOW_FORM_HIGHER_APPROVAL_REQUEST",
      "WORKFLOW_FORM_COUNTER_SIGNATURE_MANAGE_REQUEST",
      "WORKFLOW_SUBMIT_DESCRIPTION",
      "WORKFLOW_IN_ISSUER_LIST",
      "WORKFLOW_REQUEST_HIGHER_APPROVAL",
      "WORKFLOW_FORM_WORK_ON_SITE",
      "WORKFLOW_ROLE_JSA_REQUESTER",
      "WORKFLOW_FORM_JSA_GENERAL_INFORMATION",
      "WORKFLOW_CREATE_JSA",
      "WORKFLOW_READ_JSA",
      "WORKFLOW_LIST_JSA",
      "WORKFLOW_VIEW_JSA_DASHBOARD"
    ]
  },
  "lastUpdatedTimestamp_2251799813685496": 1740037792757
}
Verifying console and network messages...
]]>
</system-out>
</testcase>
<testcase name="@jsa without revert - No other approvers @smoke › Assign JSA lead as jsa lead " classname="JsaWorkflow.spec.ts" time="47.529">
<system-out>
<![CDATA[Console Listener fixture...
Attempting to authenticates user <e2e jsa lead> ...
...visited the sign-in page
Signing in as <e2e_jsa_lead@cntxt.com>
...performing sign-in operation
...navigating to application
User <e2e jsa lead> authenticated successfully
Filling JSA form with following data:
{
  "Title": "cena argentum timor corpus sortitus ago vomito adulescens celo demo",
  "Description": "usus truculenter censura cicuta repudiandae succurro terga amita curo contego depereo id aqua tantillus sunt comminor considero tertius auctor paulatim",
  "PlannedDate": "28 February 2025",
  "facilityName": "Khobar",
  "plantNameOrCode": "vicissitudo patrocinor atrox",
  "Equipment": "adulescens debeo vergo aliquam cruentus totam defero vulgivagus cur cum",
  "Attachments": "/home/runner/work/applications-product/applications-product/apps/work-permit-e2e/e2e/attachments/another_file.pdf",
  "hiddenId": "/modules/cm7d1c99b001mu8tl0j8k0txk/items/2251799813685471",
  "hiddenName": "Unknown name",
  "assignLead": "e2e jsa lead"
}
Complete response JSON
{
  "workToBeDone": "cena argentum timor corpus sortitus ago vomito adulescens celo demo",
  "description": "usus truculenter censura cicuta repudiandae succurro terga amita curo contego depereo id aqua tantillus sunt comminor considero tertius auctor paulatim",
  "jsaDate": "2025-02-28T00:00:00Z",
  "facilityName": {
    "label": "Khobar",
    "value": "cm7d1c0qt0003u8tl1ikyy1un",
    "id": "cm7d1c0qt0003u8tl1ikyy1un",
    "shifts": [
      {
        "id": "cm7d1c0qv0004u8tl6c5dqa5a",
        "name": "Khobar Morning Shift",
        "startTime": "2024-01-01T08:00:00.000Z",
        "endTime": "2024-01-01T16:00:00.000Z",
        "locationId": "cm7d1c0qt0003u8tl1ikyy1un",
        "createdAt": "2025-02-20T07:43:07.207Z",
        "updatedAt": "2025-02-20T07:43:07.207Z"
      },
      {
        "id": "cm7d1c0qv0005u8tl6yy4js86",
        "name": "Khobar Evening Shift",
        "startTime": "2024-01-01T16:00:00.000Z",
        "endTime": "2024-01-01T23:59:59.000Z",
        "locationId": "cm7d1c0qt0003u8tl1ikyy1un",
        "createdAt": "2025-02-20T07:43:07.207Z",
        "updatedAt": "2025-02-20T07:43:07.207Z"
      }
    ],
    "startDate": "1900-01-01T08:00:00.000Z",
    "endDate": "1900-01-01T23:59:59.000Z"
  },
  "plantName": "vicissitudo patrocinor atrox",
  "equipment": "adulescens debeo vergo aliquam cruentus totam defero vulgivagus cur cum",
  "attachments": [
    {
      "id": "953b1a10-c75c-430a-b28a-aeeebb409614",
      "type": "cm7d1c0qr0002u8tlri2ourws/cm7d1c99b001mu8tl0j8k0txk/regular_size_file.pdf",
      "name": "cm7d1c0qr0002u8tlri2ourws/cm7d1c99b001mu8tl0j8k0txk/regular_size_file.pdf",
      "url": "https://storage.googleapis.com/work_permit_files/cm7d1c0qr0002u8tlri2ourws/cm7d1c99b001mu8tl0j8k0txk/regular_size_file.pdf?X-Goog-Algorithm=GOOG4-RSA-SHA256&X-Goog-Credential=work-permit-bucket-sa%40cntxt-product-work-permit.iam.gserviceaccount.com%2F20250220%2Fauto%2Fstorage%2Fgoog4_request&X-Goog-Date=20250220T074947Z&X-Goog-Expires=86400&X-Goog-SignedHeaders=host&X-Goog-Signature=a308998aac4cf265ecb5f27abcee972e0e5bcff7632bbdae94498e7971bd2bb0f055328dec7481d1975af8f9c2fdffdd33f193d1260815e48ab61acdc010e12ddf0e2b9e3cc8aa6cb52e881a3efd6526a75b230242bf77c4cb4b60fdd9d4b68a3160fa19eb391b1522cd0363421ac3d03d9738304dbb77cc753b0f6d7ace8cfe1722dfa760020522d432b15a4ab21edec874039a7184303f8edd187ca7171bb7d1d675b73a6d1b5ca3e9336090fd9849bcf26427a93cf3fd04d0d85a334b39522ba29947a8f926d89b1567b75104377f45669c3e195784bbc9b5b66f3447b094f4a23d1ca1040201019f0762fbfee885460ed98070519e7f7dec652781a18f8a"
    },
    {
      "id": "e4ba2a7f-bf4b-4824-a9de-cd7d687ce931",
      "type": "cm7d1c0qr0002u8tlri2ourws/cm7d1c99b001mu8tl0j8k0txk/another_file.pdf",
      "name": "cm7d1c0qr0002u8tlri2ourws/cm7d1c99b001mu8tl0j8k0txk/another_file.pdf",
      "url": "https://storage.googleapis.com/work_permit_files/cm7d1c0qr0002u8tlri2ourws/cm7d1c99b001mu8tl0j8k0txk/another_file.pdf?X-Goog-Algorithm=GOOG4-RSA-SHA256&X-Goog-Credential=work-permit-bucket-sa%40cntxt-product-work-permit.iam.gserviceaccount.com%2F20250220%2Fauto%2Fstorage%2Fgoog4_request&X-Goog-Date=20250220T075043Z&X-Goog-Expires=86400&X-Goog-SignedHeaders=host&X-Goog-Signature=84860b75cea48838ed3f23529ba4f26945785d1ab6c87c3f7d845015559d619015aab807e0a204f0db7fce6b3b2e99820db6af53510d4c1a7ce03737ff168cd4da0816a7e6ec17f7b7d5960da5ed8f656113fafe7b3780d0562f6d2575d6424158726b7e0463c0628e735e4afe3c1119d677300b3af3da766b9f979931b51214bc27aecdc43196fe51548348472c82da347c0ba1997cbfb5737839df076d337840c59fa683d05008a8d4317ef82c1868187d3132a6d6c1182c4d3aaff5ca129e743da28972bceb1d67fc20998ac5aefe7f6b430d0c9527b402428f5da36d98ea65590735758e3872889216b9bbdae571834963b46bece16e6d02466483969510"
    }
  ],
  "assignJsaLead": "e2e_jsa_lead@cntxt.com",
  "jsaLeadRequestDecision": "next",
  "taskSubmittingUser": {
    "id": "e2e_jsa_lead@cntxt.com",
    "name": "e2e jsa lead",
    "email": "e2e_jsa_lead@cntxt.com",
    "org": "cm7d1c0qr0002u8tlri2ourws",
    "currentOrg": {
      "id": "cm7d1c0qr0002u8tlri2ourws",
      "name": "E2E Org",
      "userId": null,
      "currentWorkflowId": "",
      "parentOrgId": null,
      "tenantId": 1,
      "externalId": null
    },
    "actions": [
      "WORKFLOW_ROLE_JSA_LEAD",
      "WORKFLOW_FORM_JSA_GENERAL_INFORMATION",
      "WORKFLOW_FORM_JSA_ASSIGN_JSA_TEAM",
      "WORKFLOW_FORM_JSA_SUMMARY",
      "WORKFLOW_CREATE_JSA",
      "WORKFLOW_READ_JSA",
      "WORKFLOW_LIST_JSA",
      "WORKFLOW_RETURN_JSA",
      "WORKFLOW_VIEW_JSA_DASHBOARD",
      "WORKFLOW_ASSIGN_JSA_LEAD",
      "WORKFLOW_ADD_JSA_TEAM_MEMBER",
      "WORKFLOW_SUBMIT_JSA_TEAM",
      "WORKFLOW_CREATE_JSA_TASK",
      "WORKFLOW_EDIT_JSA_TASK",
      "WORKFLOW_DELETE_JSA_TASK",
      "WORKFLOW_SUBMIT_JSA_TASKS",
      "WORKFLOW_PRINT_JSA"
    ]
  },
  "lastUpdatedTimestamp_2251799813685818": 1740037844824
}
Verifying console and network messages...
]]>
</system-out>
</testcase>
<testcase name="@jsa without revert - No other approvers @smoke › Assign team members as jsa lead " classname="JsaWorkflow.spec.ts" time="34.038">
<system-out>
<![CDATA[Console Listener fixture...
Filling JSA form with following data:
[
  "e2e team member"
]
'Saving...' not detected as probably it was too fast to save; skipping wait.
Complete response JSON
{
  "submitTeam": "send",
  "jsaTeamMembers": [
    {
      "id": "e2e_jsa_team_member@cntxt.com",
      "name": "e2e team member",
      "email": "e2e_jsa_team_member@cntxt.com",
      "detail": "e2e_jsa_team_member@cntxt.com",
      "image": "",
      "title": "Jsa Team Member",
      "data": {
        "id": "cm7d1c0qr0002u8tlri2ourws",
        "name": "E2E Org",
        "userId": null,
        "currentWorkflowId": "",
        "parentOrgId": null,
        "tenantId": 1,
        "externalId": null
      }
    }
  ],
  "taskSubmittingUser": {
    "id": "e2e_jsa_lead@cntxt.com",
    "name": "e2e jsa lead",
    "email": "e2e_jsa_lead@cntxt.com",
    "org": "cm7d1c0qr0002u8tlri2ourws",
    "currentOrg": {
      "id": "cm7d1c0qr0002u8tlri2ourws",
      "name": "E2E Org",
      "userId": null,
      "currentWorkflowId": "",
      "parentOrgId": null,
      "tenantId": 1,
      "externalId": null
    },
    "actions": [
      "WORKFLOW_ROLE_JSA_LEAD",
      "WORKFLOW_FORM_JSA_GENERAL_INFORMATION",
      "WORKFLOW_FORM_JSA_ASSIGN_JSA_TEAM",
      "WORKFLOW_FORM_JSA_SUMMARY",
      "WORKFLOW_CREATE_JSA",
      "WORKFLOW_READ_JSA",
      "WORKFLOW_LIST_JSA",
      "WORKFLOW_RETURN_JSA",
      "WORKFLOW_VIEW_JSA_DASHBOARD",
      "WORKFLOW_ASSIGN_JSA_LEAD",
      "WORKFLOW_ADD_JSA_TEAM_MEMBER",
      "WORKFLOW_SUBMIT_JSA_TEAM",
      "WORKFLOW_CREATE_JSA_TASK",
      "WORKFLOW_EDIT_JSA_TASK",
      "WORKFLOW_DELETE_JSA_TASK",
      "WORKFLOW_SUBMIT_JSA_TASKS",
      "WORKFLOW_PRINT_JSA"
    ]
  },
  "lastUpdatedTimestamp_2251799813686010": 1740037879764
}
Verifying console and network messages...
]]>
</system-out>
</testcase>
<testcase name="@jsa without revert - No other approvers @smoke › Submit task for review as jsa team member " classname="JsaWorkflow.spec.ts" time="48.138">
<system-out>
<![CDATA[Console Listener fixture...
Attempting to authenticates user <e2e team member> ...
...visited the sign-in page
Signing in as <e2e_jsa_team_member@cntxt.com>
...performing sign-in operation
...navigating to application
User <e2e team member> authenticated successfully
Filling JSA tasks form with following data:
[
  {
    "Title": "sub perferendis vulnus verbera summopere cilicium capto",
    "TaskRows": [
      {
        "Hazard": "temptatio culpo dolorem",
        "Consequences": "curiositas degero tenetur adficio vivo",
        "Severity": "Low (B)",
        "Likelihood": "Low",
        "ControlMeasures": "atqui deinde turpis amplexus absorbeo",
        "SeverityResidual": "Low (B)",
        "LikelihoodResidual": "Very High",
        "StopTriggers": "calculus complectus vapulus supplanto tener"
      },
      {
        "Hazard": "tolero quia vetus",
        "Consequences": "subnecto nihil laborum vallum sed",
        "Severity": "Low (B)",
        "Likelihood": "High",
        "ControlMeasures": "conturbo delectus textilis cetera complectus",
        "SeverityResidual": "Low (B)",
        "LikelihoodResidual": "Very High",
        "StopTriggers": "pecco quibusdam earum amplitudo adeo"
      }
    ]
  }
]
Complete response JSON
{
  "workflowInstanceId": "2251799813685471",
  "title": "sub perferendis vulnus verbera summopere cilicium capto",
  "activityItems": [
    {
      "hazard": "temptatio culpo dolorem",
      "consequences": "curiositas degero tenetur adficio vivo",
      "severity": "MINOR",
      "likelihood": "UNLIKELY",
      "risk": "MINOR_UNLIKELY",
      "controlMeasures": "atqui deinde turpis amplexus absorbeo",
      "severityResidual": "MINOR",
      "likelihoodResidual": "VERY_LIKELY",
      "residualRisk": "MINOR_VERY_LIKELY",
      "stopTriggers": "calculus complectus vapulus supplanto tener",
      "type": "CRITICAL"
    },
    {
      "hazard": "tolero quia vetus",
      "consequences": "subnecto nihil laborum vallum sed",
      "severity": "MINOR",
      "likelihood": "LIKELY",
      "risk": "MINOR_LIKELY",
      "controlMeasures": "conturbo delectus textilis cetera complectus",
      "severityResidual": "MINOR",
      "likelihoodResidual": "VERY_LIKELY",
      "residualRisk": "MINOR_VERY_LIKELY",
      "stopTriggers": "pecco quibusdam earum amplitudo adeo",
      "type": "CRITICAL"
    }
  ]
}
Complete response JSON
{
  "sendTasksBreakdownForLeadReview": "submit",
  "tasksBreakdown": [
    "cm7d1nmf7001l10z4f2hmh3pj"
  ],
  "taskSubmittingUser": {
    "id": "e2e_jsa_team_member@cntxt.com",
    "name": "e2e team member",
    "email": "e2e_jsa_team_member@cntxt.com",
    "org": "cm7d1c0qr0002u8tlri2ourws",
    "currentOrg": {
      "id": "cm7d1c0qr0002u8tlri2ourws",
      "name": "E2E Org",
      "userId": null,
      "currentWorkflowId": "",
      "parentOrgId": null,
      "tenantId": 1,
      "externalId": null
    },
    "actions": [
      "WORKFLOW_ROLE_JSA_TEAM_MEMBER",
      "WORKFLOW_FORM_JSA_TASKS_BREAKDOWN",
      "WORKFLOW_FORM_JSA_SUMMARY",
      "WORKFLOW_LIST_JSA",
      "WORKFLOW_READ_JSA",
      "WORKFLOW_VIEW_JSA_DASHBOARD",
      "WORKFLOW_CREATE_JSA_TASK",
      "WORKFLOW_EDIT_JSA_TASK",
      "WORKFLOW_DELETE_JSA_TASK",
      "WORKFLOW_PRINT_JSA"
    ]
  },
  "lastUpdatedTimestamp_2251799813686563": 1740037930272
}
Verifying console and network messages...
]]>
</system-out>
</testcase>
<testcase name="@jsa without revert - No other approvers @smoke › Submit task for approve as jsa lead " classname="JsaWorkflow.spec.ts" time="29.511">
<system-out>
<![CDATA[Console Listener fixture...
Complete response JSON
{
  "tasksBreakdown": [
    "cm7d1nmf7001l10z4f2hmh3pj"
  ],
  "leadTaskBreakdownReview": "submit",
  "taskSubmittingUser": {
    "id": "e2e_jsa_lead@cntxt.com",
    "name": "e2e jsa lead",
    "email": "e2e_jsa_lead@cntxt.com",
    "org": "cm7d1c0qr0002u8tlri2ourws",
    "currentOrg": {
      "id": "cm7d1c0qr0002u8tlri2ourws",
      "name": "E2E Org",
      "userId": null,
      "currentWorkflowId": "",
      "parentOrgId": null,
      "tenantId": 1,
      "externalId": null
    },
    "actions": [
      "WORKFLOW_ROLE_JSA_LEAD",
      "WORKFLOW_FORM_JSA_GENERAL_INFORMATION",
      "WORKFLOW_FORM_JSA_ASSIGN_JSA_TEAM",
      "WORKFLOW_FORM_JSA_SUMMARY",
      "WORKFLOW_CREATE_JSA",
      "WORKFLOW_READ_JSA",
      "WORKFLOW_LIST_JSA",
      "WORKFLOW_RETURN_JSA",
      "WORKFLOW_VIEW_JSA_DASHBOARD",
      "WORKFLOW_ASSIGN_JSA_LEAD",
      "WORKFLOW_ADD_JSA_TEAM_MEMBER",
      "WORKFLOW_SUBMIT_JSA_TEAM",
      "WORKFLOW_CREATE_JSA_TASK",
      "WORKFLOW_EDIT_JSA_TASK",
      "WORKFLOW_DELETE_JSA_TASK",
      "WORKFLOW_SUBMIT_JSA_TASKS",
      "WORKFLOW_PRINT_JSA"
    ]
  },
  "lastUpdatedTimestamp_2251799813686737": 1740037961553
}
Verifying console and network messages...
]]>
</system-out>
</testcase>
<testcase name="@jsa without revert - No other approvers @smoke › Authorize as foreman " classname="JsaWorkflow.spec.ts" time="33.925">
<system-out>
<![CDATA[Console Listener fixture...
Attempting to authenticates user <e2e foreman> ...
...visited the sign-in page
Signing in as <e2e_jsa_foreman@cntxt.com>
...performing sign-in operation
...navigating to application
User <e2e foreman> authenticated successfully
Complete response JSON
{
  "jsaLeadComments": "approve",
  "approversList": [],
  "foremanApproval": "authorize",
  "taskSubmittingUser": {
    "id": "e2e_jsa_foreman@cntxt.com",
    "name": "e2e foreman",
    "email": "e2e_jsa_foreman@cntxt.com",
    "org": "cm7d1c0qr0002u8tlri2ourws",
    "currentOrg": {
      "id": "cm7d1c0qr0002u8tlri2ourws",
      "name": "E2E Org",
      "userId": null,
      "currentWorkflowId": "",
      "parentOrgId": null,
      "tenantId": 1,
      "externalId": null
    },
    "actions": [
      "WORKFLOW_ROLE_JSA_FOREMAN",
      "WORKFLOW_FORM_JSA_APPROVALS",
      "WORKFLOW_FORM_JSA_SUMMARY",
      "WORKFLOW_READ_JSA",
      "WORKFLOW_LIST_JSA",
      "WORKFLOW_VIEW_JSA_DASHBOARD",
      "WORKFLOW_APPROVE_JSA",
      "WORKFLOW_REJECT_JSA",
      "WORKFLOW_RETURN_JSA",
      "WORKFLOW_ADD_JSA_APPROVER",
      "WORKFLOW_NOTIFY_JSA_APPROVERS",
      "WORKFLOW_PRINT_JSA"
    ]
  },
  "lastUpdatedTimestamp_2251799813687426": 1740037996095
}
Verifying console and network messages...
]]>
</system-out>
</testcase>
<testcase name="@jsa without revert - With other approvers @smoke › Request JSA as issuer " classname="JsaWorkflow.spec.ts" time="75.006">
<system-out>
<![CDATA[Console Listener fixture...
Attempting to authenticates user <e2e issuer> ...
...visited the sign-in page
Signing in as <e2e_issuer_user@cntxt.com>
...performing sign-in operation
...navigating to application
User <e2e issuer> authenticated successfully
Module Id:<cm7d1c99b001mu8tl0j8k0txk>
Item Name:<2251799813685441>
Filling JSA form with following data:
{
  "Title": "bestia textor nobis decerno doloremque arma vallum arcesso benigne conforto",
  "Description": "cattus certe vigilo doloribus textor cicuta apto antepono via aperte amplus adhuc versus arma acidus suppellex complectus atqui cibo textilis",
  "PlannedDate": "26 February 2025",
  "facilityName": "Khobar",
  "plantNameOrCode": "aperiam blandior curatio",
  "Equipment": "aggredior traho patruus clamo conduco adicio carus nisi verumtamen victus",
  "Attachments": "/home/runner/work/applications-product/applications-product/apps/work-permit-e2e/e2e/attachments/regular_size_file.pdf",
  "hiddenId": "/modules/cm7d1c99b001mu8tl0j8k0txk/items/2251799813685441",
  "hiddenName": "Unknown name"
}
Checking response:
url=<http://localhost:4200/api/v1/workflows/process-instances/2251799813685441/variables?local=true&elementInstanceKey=2251799813685462> postData <{"plantName":"aperiam blandior curatio","lastUpdatedTimestamp_2251799813685466":1740037783735}>
urlPattern </workflows\/process-instances\/\d+\/variables\?.*/> expPayload <attachments>
Checking response:
url=<http://localhost:4200/api/v1/workflows/process-instances/2251799813685441/variables?local=true&elementInstanceKey=2251799813685462> postData <{"equipment":"aggredior traho patruus clamo conduco adicio carus nisi verumtamen victus","lastUpdatedTimestamp_2251799813685466":1740037784264}>
urlPattern </workflows\/process-instances\/\d+\/variables\?.*/> expPayload <attachments>
Checking response:
url=<http://localhost:4200/api/v1/files> postData <null>
urlPattern </workflows\/process-instances\/\d+\/variables\?.*/> expPayload <attachments>
Checking response:
url=<http://localhost:4200/api/v1/workflows/process-instances/2251799813685441/variables?local=true&elementInstanceKey=2251799813685462> postData <{"attachments":[{"id":"6aa41343-79da-4889-a920-1ab9cfb2fb26","type":"cm7d1c0qr0002u8tlri2ourws/cm7d1c99b001mu8tl0j8k0txk/regular_size_file.pdf","name":"cm7d1c0qr0002u8tlri2ourws/cm7d1c99b001mu8tl0j8k0txk/regular_size_file.pdf","url":"https://storage.googleapis.com/work_permit_files/cm7d1c0qr0002u8tlri2ourws/cm7d1c99b001mu8tl0j8k0txk/regular_size_file.pdf?X-Goog-Algorithm=GOOG4-RSA-SHA256&X-Goog-Credential=work-permit-bucket-sa%40cntxt-product-work-permit.iam.gserviceaccount.com%2F20250220%2Fauto%2Fstorage%2Fgoog4_request&X-Goog-Date=20250220T074946Z&X-Goog-Expires=86400&X-Goog-SignedHeaders=host&X-Goog-Signature=3aafa5e7a7dff55e52a3c2e2c13e44351d60230683c6db1570e9022e943128471f4d093d321db48c4f778d3a0f08d764fa67cc9b23cc7967eacb7e9342131afc77982ec1ecc6be0335f01ea63f200aceaf6349b54d60964c3b407ac6a35bc9e0c82f0bdca53b207b32390cf00e646c7680741b8caa89a880071a88ac5db09cffdf596334a72eaf12bcbbe4cb747f4e23b6cc51160f8c8097051fa40f9cac1557832c0a66442f36f3ff3a44475e6b7f0eabb14e967c52ff4d1f5984f2d8cff46dd0b6e9cdd436b70a29b08f14b759830d2c9f8152270c8717d57422a6c9977448eef01ef209644f2e5ecefac45b496bd1d40f1d9a54c776abac5ce35368bba09f"}],"lastUpdatedTimestamp_2251799813685466":1740037786279}>
urlPattern </workflows\/process-instances\/\d+\/variables\?.*/> expPayload <attachments>
Complete response JSON
{
  "workToBeDone": "bestia textor nobis decerno doloremque arma vallum arcesso benigne conforto",
  "description": "cattus certe vigilo doloribus textor cicuta apto antepono via aperte amplus adhuc versus arma acidus suppellex complectus atqui cibo textilis",
  "jsaDate": "2025-02-26T00:00:00Z",
  "facilityName": {
    "label": "Khobar",
    "value": "cm7d1c0qt0003u8tl1ikyy1un",
    "id": "cm7d1c0qt0003u8tl1ikyy1un",
    "shifts": [
      {
        "id": "cm7d1c0qv0004u8tl6c5dqa5a",
        "name": "Khobar Morning Shift",
        "startTime": "2024-01-01T08:00:00.000Z",
        "endTime": "2024-01-01T16:00:00.000Z",
        "locationId": "cm7d1c0qt0003u8tl1ikyy1un",
        "createdAt": "2025-02-20T07:43:07.207Z",
        "updatedAt": "2025-02-20T07:43:07.207Z"
      },
      {
        "id": "cm7d1c0qv0005u8tl6yy4js86",
        "name": "Khobar Evening Shift",
        "startTime": "2024-01-01T16:00:00.000Z",
        "endTime": "2024-01-01T23:59:59.000Z",
        "locationId": "cm7d1c0qt0003u8tl1ikyy1un",
        "createdAt": "2025-02-20T07:43:07.207Z",
        "updatedAt": "2025-02-20T07:43:07.207Z"
      }
    ],
    "startDate": "1900-01-01T08:00:00.000Z",
    "endDate": "1900-01-01T23:59:59.000Z"
  },
  "plantName": "aperiam blandior curatio",
  "equipment": "aggredior traho patruus clamo conduco adicio carus nisi verumtamen victus",
  "submitGeneralInformation": "submit",
  "attachments": [
    {
      "id": "6aa41343-79da-4889-a920-1ab9cfb2fb26",
      "type": "cm7d1c0qr0002u8tlri2ourws/cm7d1c99b001mu8tl0j8k0txk/regular_size_file.pdf",
      "name": "cm7d1c0qr0002u8tlri2ourws/cm7d1c99b001mu8tl0j8k0txk/regular_size_file.pdf",
      "url": "https://storage.googleapis.com/work_permit_files/cm7d1c0qr0002u8tlri2ourws/cm7d1c99b001mu8tl0j8k0txk/regular_size_file.pdf?X-Goog-Algorithm=GOOG4-RSA-SHA256&X-Goog-Credential=work-permit-bucket-sa%40cntxt-product-work-permit.iam.gserviceaccount.com%2F20250220%2Fauto%2Fstorage%2Fgoog4_request&X-Goog-Date=20250220T074946Z&X-Goog-Expires=86400&X-Goog-SignedHeaders=host&X-Goog-Signature=3aafa5e7a7dff55e52a3c2e2c13e44351d60230683c6db1570e9022e943128471f4d093d321db48c4f778d3a0f08d764fa67cc9b23cc7967eacb7e9342131afc77982ec1ecc6be0335f01ea63f200aceaf6349b54d60964c3b407ac6a35bc9e0c82f0bdca53b207b32390cf00e646c7680741b8caa89a880071a88ac5db09cffdf596334a72eaf12bcbbe4cb747f4e23b6cc51160f8c8097051fa40f9cac1557832c0a66442f36f3ff3a44475e6b7f0eabb14e967c52ff4d1f5984f2d8cff46dd0b6e9cdd436b70a29b08f14b759830d2c9f8152270c8717d57422a6c9977448eef01ef209644f2e5ecefac45b496bd1d40f1d9a54c776abac5ce35368bba09f"
    }
  ],
  "taskSubmittingUser": {
    "id": "e2e_issuer_user@cntxt.com",
    "name": "e2e issuer",
    "email": "e2e_issuer_user@cntxt.com",
    "org": "cm7d1c0qr0002u8tlri2ourws",
    "currentOrg": {
      "id": "cm7d1c0qr0002u8tlri2ourws",
      "name": "E2E Org",
      "userId": null,
      "currentWorkflowId": "",
      "parentOrgId": null,
      "tenantId": 1,
      "externalId": null
    },
    "actions": [
      "WORKFLOW_READ_PERMIT",
      "WORKFLOW_ASSIGN_ISSUER",
      "WORKFLOW_ASSIGN_RECEIVER",
      "WORKFLOW_PROGRESS_PERMIT",
      "WORKFLOW_GAS_TESTS_REVIEW",
      "WORKFLOW_AUTHORIZE_PERMIT",
      "WORKFLOW_ISSUE_PERMIT",
      "WORKFLOW_ACTIVE_PERMIT_ACTIONS",
      "WORKFLOW_FORM_WORK_DESCRIPTION",
      "WORKFLOW_FORM_WORK_TYPE",
      "WORKFLOW_FORM_HAZARD_IDENTIFICATION",
      "WORKFLOW_FORM_SUPPLEMENTARY_DOCUMENTS",
      "WORKFLOW_FORM_SCHEDULE_SITE_VISIT",
      "WORKFLOW_FORM_REVIEW_GAS_TESTS",
      "WORKFLOW_FORM_JSI",
      "WORKFLOW_COMPLETE_JSI",
      "WORKFLOW_FORM_ISSUE_PERMIT",
      "WORKFLOW_FORM_POST_WORK_INSPECTION",
      "WORKFLOW_READ_PERMIT",
      "WORKFLOW_CREATE_PERMIT",
      "WORKFLOW_FORM_RENEW",
      "WORKFLOW_FORM_WORK_DESCRIPTION_REVIEW",
      "WORKFLOW_FORM_HIGHER_APPROVAL_REQUEST",
      "WORKFLOW_FORM_COUNTER_SIGNATURE_MANAGE_REQUEST",
      "WORKFLOW_SUBMIT_DESCRIPTION",
      "WORKFLOW_IN_ISSUER_LIST",
      "WORKFLOW_REQUEST_HIGHER_APPROVAL",
      "WORKFLOW_FORM_WORK_ON_SITE",
      "WORKFLOW_ROLE_JSA_REQUESTER",
      "WORKFLOW_FORM_JSA_GENERAL_INFORMATION",
      "WORKFLOW_CREATE_JSA",
      "WORKFLOW_READ_JSA",
      "WORKFLOW_LIST_JSA",
      "WORKFLOW_VIEW_JSA_DASHBOARD"
    ]
  },
  "lastUpdatedTimestamp_2251799813685466": 1740037790270
}
Verifying console and network messages...
]]>
</system-out>
</testcase>
<testcase name="@jsa without revert - With other approvers @smoke › Assign JSA lead as jsa lead " classname="JsaWorkflow.spec.ts" time="50.608">
<system-out>
<![CDATA[Console Listener fixture...
Attempting to authenticates user <e2e jsa lead> ...
...visited the sign-in page
Signing in as <e2e_jsa_lead@cntxt.com>
...performing sign-in operation
...navigating to application
User <e2e jsa lead> authenticated successfully
Filling JSA form with following data:
{
  "Title": "comedo quibusdam usitas ver trepide comitatus velociter auxilium turbo comprehendo",
  "Description": "nihil pecco cultura defleo amplexus excepturi corrumpo adfero mollitia voco at aliqua excepturi carcer conspergo vehemens omnis bellicus ultra ver",
  "PlannedDate": "26 February 2025",
  "facilityName": "Khobar",
  "plantNameOrCode": "quo solium cubicularis",
  "Equipment": "bibo aegrotatio debilito velit consequatur cornu tamquam amoveo solvo bis",
  "Attachments": "/home/runner/work/applications-product/applications-product/apps/work-permit-e2e/e2e/attachments/another_file.pdf",
  "hiddenId": "/modules/cm7d1c99b001mu8tl0j8k0txk/items/2251799813685441",
  "hiddenName": "Unknown name",
  "assignLead": "e2e jsa lead"
}
Complete response JSON
{
  "workToBeDone": "comedo quibusdam usitas ver trepide comitatus velociter auxilium turbo comprehendo",
  "description": "nihil pecco cultura defleo amplexus excepturi corrumpo adfero mollitia voco at aliqua excepturi carcer conspergo vehemens omnis bellicus ultra ver",
  "jsaDate": "2025-02-26T00:00:00Z",
  "facilityName": {
    "label": "Khobar",
    "value": "cm7d1c0qt0003u8tl1ikyy1un",
    "id": "cm7d1c0qt0003u8tl1ikyy1un",
    "shifts": [
      {
        "id": "cm7d1c0qv0004u8tl6c5dqa5a",
        "name": "Khobar Morning Shift",
        "startTime": "2024-01-01T08:00:00.000Z",
        "endTime": "2024-01-01T16:00:00.000Z",
        "locationId": "cm7d1c0qt0003u8tl1ikyy1un",
        "createdAt": "2025-02-20T07:43:07.207Z",
        "updatedAt": "2025-02-20T07:43:07.207Z"
      },
      {
        "id": "cm7d1c0qv0005u8tl6yy4js86",
        "name": "Khobar Evening Shift",
        "startTime": "2024-01-01T16:00:00.000Z",
        "endTime": "2024-01-01T23:59:59.000Z",
        "locationId": "cm7d1c0qt0003u8tl1ikyy1un",
        "createdAt": "2025-02-20T07:43:07.207Z",
        "updatedAt": "2025-02-20T07:43:07.207Z"
      }
    ],
    "startDate": "1900-01-01T08:00:00.000Z",
    "endDate": "1900-01-01T23:59:59.000Z"
  },
  "plantName": "quo solium cubicularis",
  "equipment": "bibo aegrotatio debilito velit consequatur cornu tamquam amoveo solvo bis",
  "attachments": [
    {
      "id": "6aa41343-79da-4889-a920-1ab9cfb2fb26",
      "type": "cm7d1c0qr0002u8tlri2ourws/cm7d1c99b001mu8tl0j8k0txk/regular_size_file.pdf",
      "name": "cm7d1c0qr0002u8tlri2ourws/cm7d1c99b001mu8tl0j8k0txk/regular_size_file.pdf",
      "url": "https://storage.googleapis.com/work_permit_files/cm7d1c0qr0002u8tlri2ourws/cm7d1c99b001mu8tl0j8k0txk/regular_size_file.pdf?X-Goog-Algorithm=GOOG4-RSA-SHA256&X-Goog-Credential=work-permit-bucket-sa%40cntxt-product-work-permit.iam.gserviceaccount.com%2F20250220%2Fauto%2Fstorage%2Fgoog4_request&X-Goog-Date=20250220T074946Z&X-Goog-Expires=86400&X-Goog-SignedHeaders=host&X-Goog-Signature=3aafa5e7a7dff55e52a3c2e2c13e44351d60230683c6db1570e9022e943128471f4d093d321db48c4f778d3a0f08d764fa67cc9b23cc7967eacb7e9342131afc77982ec1ecc6be0335f01ea63f200aceaf6349b54d60964c3b407ac6a35bc9e0c82f0bdca53b207b32390cf00e646c7680741b8caa89a880071a88ac5db09cffdf596334a72eaf12bcbbe4cb747f4e23b6cc51160f8c8097051fa40f9cac1557832c0a66442f36f3ff3a44475e6b7f0eabb14e967c52ff4d1f5984f2d8cff46dd0b6e9cdd436b70a29b08f14b759830d2c9f8152270c8717d57422a6c9977448eef01ef209644f2e5ecefac45b496bd1d40f1d9a54c776abac5ce35368bba09f"
    },
    {
      "id": "08812bc0-19d7-4b5e-a8ec-3f1d28e4940c",
      "type": "cm7d1c0qr0002u8tlri2ourws/cm7d1c99b001mu8tl0j8k0txk/another_file.pdf",
      "name": "cm7d1c0qr0002u8tlri2ourws/cm7d1c99b001mu8tl0j8k0txk/another_file.pdf",
      "url": "https://storage.googleapis.com/work_permit_files/cm7d1c0qr0002u8tlri2ourws/cm7d1c99b001mu8tl0j8k0txk/another_file.pdf?X-Goog-Algorithm=GOOG4-RSA-SHA256&X-Goog-Credential=work-permit-bucket-sa%40cntxt-product-work-permit.iam.gserviceaccount.com%2F20250220%2Fauto%2Fstorage%2Fgoog4_request&X-Goog-Date=20250220T075044Z&X-Goog-Expires=86400&X-Goog-SignedHeaders=host&X-Goog-Signature=827ff7ed5078376da9976dd967bcb9a96b3e52435844a92a9614527c03f1990fe4e7d1c340d3b67e8eff1aaffb78d127ee8fa8148761a171518e7f8feb757650ff20592fa4623e7bd217606e3f202041c9190b9343c3492e8302525c252132182ac6c6e93579c704aa87e3110dad6799e04806850aec2d98c598a464a1034d07014b796374f4d500f25ef528ac035039a7c115d38a5650ebb85c50b653575e81fad71c976e84728ddc12277a320d26451ad71a8677c26ff4966ad729ba03d67eb6a90e4a899d84ed4e9d63d1910f351bb59bc1a2b22648da91e924c13500aa29903c8a750e4f726b2e7e44939b42bc072ccf1d297139f8ee96f81e90de750e45"
    }
  ],
  "assignJsaLead": "e2e_jsa_lead@cntxt.com",
  "jsaLeadRequestDecision": "next",
  "taskSubmittingUser": {
    "id": "e2e_jsa_lead@cntxt.com",
    "name": "e2e jsa lead",
    "email": "e2e_jsa_lead@cntxt.com",
    "org": "cm7d1c0qr0002u8tlri2ourws",
    "currentOrg": {
      "id": "cm7d1c0qr0002u8tlri2ourws",
      "name": "E2E Org",
      "userId": null,
      "currentWorkflowId": "",
      "parentOrgId": null,
      "tenantId": 1,
      "externalId": null
    },
    "actions": [
      "WORKFLOW_ROLE_JSA_LEAD",
      "WORKFLOW_FORM_JSA_GENERAL_INFORMATION",
      "WORKFLOW_FORM_JSA_ASSIGN_JSA_TEAM",
      "WORKFLOW_FORM_JSA_SUMMARY",
      "WORKFLOW_CREATE_JSA",
      "WORKFLOW_READ_JSA",
      "WORKFLOW_LIST_JSA",
      "WORKFLOW_RETURN_JSA",
      "WORKFLOW_VIEW_JSA_DASHBOARD",
      "WORKFLOW_ASSIGN_JSA_LEAD",
      "WORKFLOW_ADD_JSA_TEAM_MEMBER",
      "WORKFLOW_SUBMIT_JSA_TEAM",
      "WORKFLOW_CREATE_JSA_TASK",
      "WORKFLOW_EDIT_JSA_TASK",
      "WORKFLOW_DELETE_JSA_TASK",
      "WORKFLOW_SUBMIT_JSA_TASKS",
      "WORKFLOW_PRINT_JSA"
    ]
  },
  "lastUpdatedTimestamp_2251799813685721": 1740037846232
}
Verifying console and network messages...
]]>
</system-out>
</testcase>
<testcase name="@jsa without revert - With other approvers @smoke › Assign team members as jsa lead " classname="JsaWorkflow.spec.ts" time="29.703">
<system-out>
<![CDATA[Console Listener fixture...
Filling JSA form with following data:
[
  "e2e team member"
]
Complete response JSON
{
  "submitTeam": "send",
  "jsaTeamMembers": [
    {
      "id": "e2e_jsa_team_member@cntxt.com",
      "name": "e2e team member",
      "email": "e2e_jsa_team_member@cntxt.com",
      "detail": "e2e_jsa_team_member@cntxt.com",
      "image": "",
      "title": "Jsa Team Member",
      "data": {
        "id": "cm7d1c0qr0002u8tlri2ourws",
        "name": "E2E Org",
        "userId": null,
        "currentWorkflowId": "",
        "parentOrgId": null,
        "tenantId": 1,
        "externalId": null
      }
    }
  ],
  "taskSubmittingUser": {
    "id": "e2e_jsa_lead@cntxt.com",
    "name": "e2e jsa lead",
    "email": "e2e_jsa_lead@cntxt.com",
    "org": "cm7d1c0qr0002u8tlri2ourws",
    "currentOrg": {
      "id": "cm7d1c0qr0002u8tlri2ourws",
      "name": "E2E Org",
      "userId": null,
      "currentWorkflowId": "",
      "parentOrgId": null,
      "tenantId": 1,
      "externalId": null
    },
    "actions": [
      "WORKFLOW_ROLE_JSA_LEAD",
      "WORKFLOW_FORM_JSA_GENERAL_INFORMATION",
      "WORKFLOW_FORM_JSA_ASSIGN_JSA_TEAM",
      "WORKFLOW_FORM_JSA_SUMMARY",
      "WORKFLOW_CREATE_JSA",
      "WORKFLOW_READ_JSA",
      "WORKFLOW_LIST_JSA",
      "WORKFLOW_RETURN_JSA",
      "WORKFLOW_VIEW_JSA_DASHBOARD",
      "WORKFLOW_ASSIGN_JSA_LEAD",
      "WORKFLOW_ADD_JSA_TEAM_MEMBER",
      "WORKFLOW_SUBMIT_JSA_TEAM",
      "WORKFLOW_CREATE_JSA_TASK",
      "WORKFLOW_EDIT_JSA_TASK",
      "WORKFLOW_DELETE_JSA_TASK",
      "WORKFLOW_SUBMIT_JSA_TASKS",
      "WORKFLOW_PRINT_JSA"
    ]
  },
  "lastUpdatedTimestamp_2251799813686090": 1740037884145
}
Verifying console and network messages...
]]>
</system-out>
</testcase>
<testcase name="@jsa without revert - With other approvers @smoke › Submit task for review as jsa team member " classname="JsaWorkflow.spec.ts" time="46.242">
<system-out>
<![CDATA[Console Listener fixture...
Attempting to authenticates user <e2e team member> ...
...visited the sign-in page
Signing in as <e2e_jsa_team_member@cntxt.com>
...performing sign-in operation
...navigating to application
User <e2e team member> authenticated successfully
Filling JSA tasks form with following data:
[
  {
    "Title": "victus commodo varietas somniculosus inflammatio odio surgo",
    "TaskRows": [
      {
        "Hazard": "vere numquam crastinus",
        "Consequences": "usitas apud id succedo denego",
        "Severity": "Very Low (A)",
        "Likelihood": "Medium",
        "ControlMeasures": "confugo vulariter socius degenero inflammatio",
        "SeverityResidual": "Very Low (A)",
        "LikelihoodResidual": "Very High",
        "StopTriggers": "alienus cribro concido varius condico"
      },
      {
        "Hazard": "terminatio aeger corporis",
        "Consequences": "coniuratio surgo debilito cumque adduco",
        "Severity": "High (D)",
        "Likelihood": "Very High",
        "ControlMeasures": "ubi averto umerus culpa crapula",
        "SeverityResidual": "Low (B)",
        "LikelihoodResidual": "High",
        "StopTriggers": "sapiente apto usus coaegresco sapiente"
      }
    ]
  }
]
Complete response JSON
{
  "workflowInstanceId": "2251799813685441",
  "title": "victus commodo varietas somniculosus inflammatio odio surgo",
  "activityItems": [
    {
      "hazard": "vere numquam crastinus",
      "consequences": "usitas apud id succedo denego",
      "severity": "NEGLIGIBLE",
      "likelihood": "POSSIBLE",
      "risk": "NEGLIGIBLE_POSSIBLE",
      "controlMeasures": "confugo vulariter socius degenero inflammatio",
      "severityResidual": "NEGLIGIBLE",
      "likelihoodResidual": "VERY_LIKELY",
      "residualRisk": "NEGLIGIBLE_VERY_LIKELY",
      "stopTriggers": "alienus cribro concido varius condico",
      "type": "CRITICAL"
    },
    {
      "hazard": "terminatio aeger corporis",
      "consequences": "coniuratio surgo debilito cumque adduco",
      "severity": "SIGNIFICANT",
      "likelihood": "VERY_LIKELY",
      "risk": "SIGNIFICANT_VERY_LIKELY",
      "controlMeasures": "ubi averto umerus culpa crapula",
      "severityResidual": "MINOR",
      "likelihoodResidual": "LIKELY",
      "residualRisk": "MINOR_LIKELY",
      "stopTriggers": "sapiente apto usus coaegresco sapiente",
      "type": "CRITICAL"
    }
  ]
}
Complete response JSON
{
  "sendTasksBreakdownForLeadReview": "submit",
  "tasksBreakdown": [
    "cm7d1nmy3001p10z4e9cwjh5b"
  ],
  "taskSubmittingUser": {
    "id": "e2e_jsa_team_member@cntxt.com",
    "name": "e2e team member",
    "email": "e2e_jsa_team_member@cntxt.com",
    "org": "cm7d1c0qr0002u8tlri2ourws",
    "currentOrg": {
      "id": "cm7d1c0qr0002u8tlri2ourws",
      "name": "E2E Org",
      "userId": null,
      "currentWorkflowId": "",
      "parentOrgId": null,
      "tenantId": 1,
      "externalId": null
    },
    "actions": [
      "WORKFLOW_ROLE_JSA_TEAM_MEMBER",
      "WORKFLOW_FORM_JSA_TASKS_BREAKDOWN",
      "WORKFLOW_FORM_JSA_SUMMARY",
      "WORKFLOW_LIST_JSA",
      "WORKFLOW_READ_JSA",
      "WORKFLOW_VIEW_JSA_DASHBOARD",
      "WORKFLOW_CREATE_JSA_TASK",
      "WORKFLOW_EDIT_JSA_TASK",
      "WORKFLOW_DELETE_JSA_TASK",
      "WORKFLOW_PRINT_JSA"
    ]
  },
  "lastUpdatedTimestamp_2251799813686644": 1740037930331
}
Verifying console and network messages...
]]>
</system-out>
</testcase>
<testcase name="@jsa without revert - With other approvers @smoke › Submit task for approve as jsa lead " classname="JsaWorkflow.spec.ts" time="27.82">
<system-out>
<![CDATA[Console Listener fixture...
Complete response JSON
{
  "tasksBreakdown": [
    "cm7d1nmy3001p10z4e9cwjh5b"
  ],
  "leadTaskBreakdownReview": "submit",
  "taskSubmittingUser": {
    "id": "e2e_jsa_lead@cntxt.com",
    "name": "e2e jsa lead",
    "email": "e2e_jsa_lead@cntxt.com",
    "org": "cm7d1c0qr0002u8tlri2ourws",
    "currentOrg": {
      "id": "cm7d1c0qr0002u8tlri2ourws",
      "name": "E2E Org",
      "userId": null,
      "currentWorkflowId": "",
      "parentOrgId": null,
      "tenantId": 1,
      "externalId": null
    },
    "actions": [
      "WORKFLOW_ROLE_JSA_LEAD",
      "WORKFLOW_FORM_JSA_GENERAL_INFORMATION",
      "WORKFLOW_FORM_JSA_ASSIGN_JSA_TEAM",
      "WORKFLOW_FORM_JSA_SUMMARY",
      "WORKFLOW_CREATE_JSA",
      "WORKFLOW_READ_JSA",
      "WORKFLOW_LIST_JSA",
      "WORKFLOW_RETURN_JSA",
      "WORKFLOW_VIEW_JSA_DASHBOARD",
      "WORKFLOW_ASSIGN_JSA_LEAD",
      "WORKFLOW_ADD_JSA_TEAM_MEMBER",
      "WORKFLOW_SUBMIT_JSA_TEAM",
      "WORKFLOW_CREATE_JSA_TASK",
      "WORKFLOW_EDIT_JSA_TASK",
      "WORKFLOW_DELETE_JSA_TASK",
      "WORKFLOW_SUBMIT_JSA_TASKS",
      "WORKFLOW_PRINT_JSA"
    ]
  },
  "lastUpdatedTimestamp_2251799813686775": 1740037956693
}
Verifying console and network messages...
]]>
</system-out>
</testcase>
<testcase name="@jsa without revert - With other approvers @smoke › Add other approvers as foreman " classname="JsaWorkflow.spec.ts" time="36.946">
<system-out>
<![CDATA[Console Listener fixture...
Attempting to authenticates user <e2e foreman> ...
...visited the sign-in page
Signing in as <e2e_jsa_foreman@cntxt.com>
...performing sign-in operation
...navigating to application
User <e2e foreman> authenticated successfully
Filling JSA form with following data:
[
  "e2e approver"
]
'Saving...' not detected as probably it was too fast to save; skipping wait.
Complete response JSON
{
  "jsaLeadComments": "approve",
  "approversList": [
    {
      "id": "e2e_jsa_approver@cntxt.com",
      "name": "e2e approver",
      "email": "e2e_jsa_approver@cntxt.com",
      "detail": "e2e_jsa_approver@cntxt.com",
      "image": "",
      "title": "Jsa Approver",
      "data": {
        "id": "cm7d1c0qr0002u8tlri2ourws",
        "name": "E2E Org",
        "userId": null,
        "currentWorkflowId": "",
        "parentOrgId": null,
        "tenantId": 1,
        "externalId": null
      }
    }
  ],
  "foremanApproval": "notify",
  "taskSubmittingUser": {
    "id": "e2e_jsa_foreman@cntxt.com",
    "name": "e2e foreman",
    "email": "e2e_jsa_foreman@cntxt.com",
    "org": "cm7d1c0qr0002u8tlri2ourws",
    "currentOrg": {
      "id": "cm7d1c0qr0002u8tlri2ourws",
      "name": "E2E Org",
      "userId": null,
      "currentWorkflowId": "",
      "parentOrgId": null,
      "tenantId": 1,
      "externalId": null
    },
    "actions": [
      "WORKFLOW_ROLE_JSA_FOREMAN",
      "WORKFLOW_FORM_JSA_APPROVALS",
      "WORKFLOW_FORM_JSA_SUMMARY",
      "WORKFLOW_READ_JSA",
      "WORKFLOW_LIST_JSA",
      "WORKFLOW_VIEW_JSA_DASHBOARD",
      "WORKFLOW_APPROVE_JSA",
      "WORKFLOW_REJECT_JSA",
      "WORKFLOW_RETURN_JSA",
      "WORKFLOW_ADD_JSA_APPROVER",
      "WORKFLOW_NOTIFY_JSA_APPROVERS",
      "WORKFLOW_PRINT_JSA"
    ]
  },
  "lastUpdatedTimestamp_2251799813687333": 1740037998952
}
Verifying console and network messages...
]]>
</system-out>
</testcase>
<testcase name="@jsa without revert - With other approvers @smoke › Approve as other approver " classname="JsaWorkflow.spec.ts" time="27.085">
<system-out>
<![CDATA[Console Listener fixture...
Attempting to authenticates user <e2e approver> ...
...visited the sign-in page
Signing in as <e2e_jsa_approver@cntxt.com>
...performing sign-in operation
...navigating to application
User <e2e approver> authenticated successfully
Complete response JSON
{
  "jsaLeadComments": "approve",
  "approvalAction": "approve",
  "taskSubmittingUser": {
    "id": "e2e_jsa_approver@cntxt.com",
    "name": "e2e approver",
    "email": "e2e_jsa_approver@cntxt.com",
    "org": "cm7d1c0qr0002u8tlri2ourws",
    "currentOrg": {
      "id": "cm7d1c0qr0002u8tlri2ourws",
      "name": "E2E Org",
      "userId": null,
      "currentWorkflowId": "",
      "parentOrgId": null,
      "tenantId": 1,
      "externalId": null
    },
    "actions": [
      "WORKFLOW_ROLE_JSA_APPROVER",
      "WORKFLOW_FORM_JSA_APPROVE",
      "WORKFLOW_FORM_JSA_SUMMARY",
      "WORKFLOW_READ_JSA",
      "WORKFLOW_LIST_JSA",
      "WORKFLOW_VIEW_JSA_DASHBOARD",
      "WORKFLOW_APPROVE_JSA",
      "WORKFLOW_REJECT_JSA",
      "WORKFLOW_PRINT_JSA"
    ]
  },
  "lastUpdatedTimestamp_2251799813687684": 1740038027526
}
Verifying console and network messages...
]]>
</system-out>
</testcase>
<testcase name="@jsa without revert - With other approvers @smoke › Final approve as foreman " classname="JsaWorkflow.spec.ts" time="22.24">
<system-out>
<![CDATA[Console Listener fixture...
Complete response JSON
{
  "jsaLeadComments": "approve",
  "approversList": [
    {
      "name": "e2e approver",
      "image": "",
      "icon": "CheckCircle",
      "id": "e2e_jsa_approver@cntxt.com",
      "iconColor": "#9FE2AC",
      "detail": "e2e_jsa_approver@cntxt.com",
      "title": "Jsa Approver"
    }
  ],
  "foremanApproval": "authorize",
  "taskSubmittingUser": {
    "id": "e2e_jsa_foreman@cntxt.com",
    "name": "e2e foreman",
    "email": "e2e_jsa_foreman@cntxt.com",
    "org": "cm7d1c0qr0002u8tlri2ourws",
    "currentOrg": {
      "id": "cm7d1c0qr0002u8tlri2ourws",
      "name": "E2E Org",
      "userId": null,
      "currentWorkflowId": "",
      "parentOrgId": null,
      "tenantId": 1,
      "externalId": null
    },
    "actions": [
      "WORKFLOW_ROLE_JSA_FOREMAN",
      "WORKFLOW_FORM_JSA_APPROVALS",
      "WORKFLOW_FORM_JSA_SUMMARY",
      "WORKFLOW_READ_JSA",
      "WORKFLOW_LIST_JSA",
      "WORKFLOW_VIEW_JSA_DASHBOARD",
      "WORKFLOW_APPROVE_JSA",
      "WORKFLOW_REJECT_JSA",
      "WORKFLOW_RETURN_JSA",
      "WORKFLOW_ADD_JSA_APPROVER",
      "WORKFLOW_NOTIFY_JSA_APPROVERS",
      "WORKFLOW_PRINT_JSA"
    ]
  },
  "lastUpdatedTimestamp_2251799813687676": 1740038049730
}
Verifying console and network messages...
]]>
</system-out>
</testcase>
</testsuite>
<testsuite name="WorkPermitWorkFlow.spec.ts" timestamp="2025-02-20T07:48:45.701Z" hostname="chromium" tests="28" failures="0" skipped="0" time="1045.859" errors="0">
<testcase name="@extended @dwp without Gas Testing @smoke › Fill location and work type as receiver" classname="WorkPermitWorkFlow.spec.ts" time="75.944">
<system-out>
<![CDATA[Console Listener fixture...
Attempting to authenticates user <e2e receiver> ...
...visited the sign-in page
Signing in as <e2e_receiver_user@cntxt.com>
...performing sign-in operation
...navigating to application
User <e2e receiver> authenticated successfully
Module Id:<cm7d1c0rc000gu8tl4i7fmb6e>
Item Name:<2251799813685333>
Filling work type
 location<Khobar>
 permit type<Cold Permit>
Complete response JSON
{
  "location": {
    "label": "Khobar",
    "value": "cm7d1c0qt0003u8tl1ikyy1un",
    "id": "cm7d1c0qt0003u8tl1ikyy1un",
    "shifts": [
      {
        "id": "cm7d1c0qv0004u8tl6c5dqa5a",
        "name": "Khobar Morning Shift",
        "startTime": "2024-01-01T08:00:00.000Z",
        "endTime": "2024-01-01T16:00:00.000Z",
        "locationId": "cm7d1c0qt0003u8tl1ikyy1un",
        "createdAt": "2025-02-20T07:43:07.207Z",
        "updatedAt": "2025-02-20T07:43:07.207Z"
      },
      {
        "id": "cm7d1c0qv0005u8tl6yy4js86",
        "name": "Khobar Evening Shift",
        "startTime": "2024-01-01T16:00:00.000Z",
        "endTime": "2024-01-01T23:59:59.000Z",
        "locationId": "cm7d1c0qt0003u8tl1ikyy1un",
        "createdAt": "2025-02-20T07:43:07.207Z",
        "updatedAt": "2025-02-20T07:43:07.207Z"
      }
    ],
    "startDate": "1900-01-01T08:00:00.000Z",
    "endDate": "1900-01-01T23:59:59.000Z"
  },
  "permitType": "cold_permit",
  "workTypeAction": "submit",
  "taskSubmittingUser": {
    "id": "e2e_receiver_user@cntxt.com",
    "name": "e2e receiver",
    "email": "e2e_receiver_user@cntxt.com",
    "org": "cm7d1c0qr0002u8tlri2ourws",
    "currentOrg": {
      "id": "cm7d1c0qr0002u8tlri2ourws",
      "name": "E2E Org",
      "userId": null,
      "currentWorkflowId": "",
      "parentOrgId": null,
      "tenantId": 1,
      "externalId": null
    },
    "actions": [
      "WORKFLOW_ROLE_RECEIVER",
      "WORKFLOW_FORM_WORK_DESCRIPTION",
      "WORKFLOW_FORM_WORK_TYPE",
      "WORKFLOW_FORM_PERMIT_ACKNOWLEDGEMENT",
      "WORKFLOW_FORM_WORK_ON_SITE",
      "WORKFLOW_SUBMIT_DESCRIPTION",
      "WORKFLOW_RISK_ACKNOWLEDGEMENT",
      "WORKFLOW_ACTIVE_PERMIT_ACTIONS",
      "WORKFLOW_READ_PERMIT",
      "WORKFLOW_CREATE_PERMIT",
      "WORKFLOW_AUTO_ASSIGN_RECEIVER",
      "WORKFLOW_IN_RECEIVER_LIST",
      "WORKFLOW_FORM_ACKNOWLEDGE_SCHEDULE_SITE_VISIT"
    ]
  },
  "lastUpdatedTimestamp_2251799813685380": 1740037786637
}
Verifying console and network messages...
]]>
</system-out>
</testcase>
<testcase name="@extended @dwp without Gas Testing @smoke › Fill work description as receiver" classname="WorkPermitWorkFlow.spec.ts" time="66.462">
<system-out>
<![CDATA[Console Listener fixture...
Filling work permit form with following data:
{
  "BI/ Work Order No.": "NwDHo4YCehtiL",
  "Work title": "talis",
  "Work start date and time": "2025-03-02 15:00",
  "Work end date and time": "2025-03-24 16:00",
  "Exact work location": "659W+FR Al Khobar Saudi Arabia",
  "Gas testing required?": "Yes",
  "Work to be done": "tibi valeo complectus auditor id tredecim confugo annus utique texo",
  "Is this a high risk activity?": "No",
  "Equipment to be used at the site": "vesper nobis annus voluntarius aequus absconditus unde nihil annus synagoga",
  "Additional Details": "ascisco talio tertius porro sunt ultra celer placeat thermae denego",
  "Uploaded Files": "/home/runner/work/applications-product/applications-product/apps/work-permit-e2e/e2e/attachments/regular_size_file.pdf"
}
Filling <BI/ Work Order No.> with value <NwDHo4YCehtiL>
Filling <Work title> with value <talis>
Filling <Work start date and time> with value <2025-03-02 15:00>
Checking response:
url=<http://localhost:4200/api/v1/workflows/process-instances/2251799813685333/variables?local=true&elementInstanceKey=2251799813685610> postData <{"workPermitTitle":"talis","lastUpdatedTimestamp_2251799813685611":1740037823031}>
urlPattern </workflows\/process-instances\/\d+\/variables\?.*/> expPayload <workStartDatetime>
Checking response:
url=<http://localhost:4200/api/v1/workflows/process-instances/2251799813685333/variables?local=true&elementInstanceKey=2251799813685610> postData <{"workStartDatetime":"2025-03-02T15:00:00Z","lastUpdatedTimestamp_2251799813685611":1740037823822}>
urlPattern </workflows\/process-instances\/\d+\/variables\?.*/> expPayload <workStartDatetime>
Filling <Work end date and time> with value <2025-03-24 16:00>
Checking response:
url=<http://localhost:4200/api/v1/metrics/vitals> postData <{"name":"LCP","value":12352.699999999953,"rating":"poor","delta":12352.699999999953,"entries":[{"name":"","entryType":"largest-contentful-paint","startTime":12352.699999999953,"duration":0,"size":6417,"renderTime":12352.699999999953,"loadTime":0,"firstAnimatedFrameTime":0,"id":"","url":""}],"id":"v4-1740037814083-8037953417081","navigationType":"navigate"}>
urlPattern </workflows\/process-instances\/\d+\/variables\?.*/> expPayload <workEndDatetime>
Checking response:
url=<http://localhost:4200/api/v1/metrics/vitals> postData <{"name":"FID","value":1.5,"rating":"good","delta":1.5,"entries":[{"name":"keydown","entryType":"first-input","startTime":18952.599999999977,"duration":144,"interactionId":5729,"processingStart":18954.099999999977,"processingEnd":18994.300000000047,"cancelable":true}],"id":"v4-1740037814083-9962958459855","navigationType":"navigate"}>
urlPattern </workflows\/process-instances\/\d+\/variables\?.*/> expPayload <workEndDatetime>
Checking response:
url=<http://localhost:4200/api/v1/workflows/process-instances/2251799813685333/variables?local=true&elementInstanceKey=2251799813685610> postData <{"workEndDatetime":"2025-03-24T16:00:00Z","lastUpdatedTimestamp_2251799813685611":1740037827043}>
urlPattern </workflows\/process-instances\/\d+\/variables\?.*/> expPayload <workEndDatetime>
Filling <Exact work location> with value <659W+FR Al Khobar Saudi Arabia>
Filling <Gas testing required?> with value <Yes>
Checking response:
url=<http://localhost:4200/api/v1/workflows/process-instances/2251799813685333/variables?local=true&elementInstanceKey=2251799813685610> postData <{"gasTestingRequired":"true","lastUpdatedTimestamp_2251799813685611":1740037836226}>
urlPattern </workflows\/process-instances\/\d+\/variables\?.*/> expPayload <gasTestingRequired>
Filling <Work to be done> with value <tibi valeo complectus auditor id tredecim confugo annus utique texo>
Filling <Is this a high risk activity?> with value <No>
Checking response:
url=<http://localhost:4200/api/v1/workflows/process-instances/2251799813685333/variables?local=true&elementInstanceKey=2251799813685610> postData <{"workToBeDone":"tibi valeo complectus auditor id tredecim confugo annus utique texo","lastUpdatedTimestamp_2251799813685611":1740037838072}>
urlPattern </workflows\/process-instances\/\d+\/variables\?.*/> expPayload <isHighRiskActivity>
Checking response:
url=<http://localhost:4200/api/v1/workflows/process-instances/2251799813685333/variables?local=true&elementInstanceKey=2251799813685610> postData <{"isHighRiskActivity":"false","lastUpdatedTimestamp_2251799813685611":1740037839569}>
urlPattern </workflows\/process-instances\/\d+\/variables\?.*/> expPayload <isHighRiskActivity>
Filling <Equipment to be used at the site> with value <vesper nobis annus voluntarius aequus absconditus unde nihil annus synagoga>
Filling <Additional Details> with value <ascisco talio tertius porro sunt ultra celer placeat thermae denego>
Filling <Uploaded Files> with value </home/runner/work/applications-product/applications-product/apps/work-permit-e2e/e2e/attachments/regular_size_file.pdf>
Checking response:
url=<http://localhost:4200/api/v1/workflows/process-instances/2251799813685333/variables?local=true&elementInstanceKey=2251799813685610> postData <{"additionalDetails":"ascisco talio tertius porro sunt ultra celer placeat thermae denego","lastUpdatedTimestamp_2251799813685611":1740037843155}>
urlPattern </workflows\/process-instances\/\d+\/variables\?.*/> expPayload <attachments>
Checking response:
url=<http://localhost:4200/api/v1/files> postData <null>
urlPattern </workflows\/process-instances\/\d+\/variables\?.*/> expPayload <attachments>
Checking response:
url=<http://localhost:4200/api/v1/workflows/process-instances/2251799813685333/variables?local=true&elementInstanceKey=2251799813685610> postData <{"attachments":[{"id":"d8b69b93-c7f4-49d2-b286-bb887b6fccc0","type":"cm7d1c0qr0002u8tlri2ourws/cm7d1c0rc000gu8tl4i7fmb6e/regular_size_file.pdf","name":"cm7d1c0qr0002u8tlri2ourws/cm7d1c0rc000gu8tl4i7fmb6e/regular_size_file.pdf","url":"https://storage.googleapis.com/work_permit_files/cm7d1c0qr0002u8tlri2ourws/cm7d1c0rc000gu8tl4i7fmb6e/regular_size_file.pdf?X-Goog-Algorithm=GOOG4-RSA-SHA256&X-Goog-Credential=work-permit-bucket-sa%40cntxt-product-work-permit.iam.gserviceaccount.com%2F20250220%2Fauto%2Fstorage%2Fgoog4_request&X-Goog-Date=20250220T075045Z&X-Goog-Expires=86400&X-Goog-SignedHeaders=host&X-Goog-Signature=9a0f8d8e961e15b67ec174eb2ad3e7b0a15d7b4389bcac2131507fb0f6810f60cbff50e13ae1d3f8ec668acf32a1fa31c9c3916c434c7ee4e5a9fad2f271518897e2f994d64cee88261751f73f38befafe689f65ebfbf19075d223784d953491a77d6da7a1e5f00228fa4a4837ba6014bb9581349dfe7b226d923825aad772ef7aa05c73e2f925cf70ac8a0510cbc2b0a72b8742aa6ad9cea32bcfd815b8b500e2965d4cdefb62057816959b321018493b9d1ee27254f8db67ff3b825a363ee96e01c81c9062980d9880c444d64f12fe88bbd5ec6ea84626b2cbfa2558aa997cd3023ad1693c4d11cdb96a338969346603695a33740cc9bb236326d0adcd35c3"}],"lastUpdatedTimestamp_2251799813685611":1740037845407}>
urlPattern </workflows\/process-instances\/\d+\/variables\?.*/> expPayload <attachments>
Complete response JSON
{
  "receiverValue": "e2e_receiver_user@cntxt.com",
  "workPermitTitle": "talis",
  "workOrderNo": "NwDHo4YCehtiL",
  "workStartDatetime": "2025-03-02T15:00:00Z",
  "workEndDatetime": "2025-03-24T16:00:00Z",
  "locationExact": {
    "address": "659W+FR Al Khobar Saudi Arabia",
    "center": {
      "lat": 26.218663008362878,
      "lng": 50.19709999999999
    },
    "zoom": 0,
    "geometry": {}
  },
  "gasTestingRequired": "true",
  "workToBeDone": "tibi valeo complectus auditor id tredecim confugo annus utique texo",
  "isHighRiskActivity": "false",
  "equipmentToBeUsed": "vesper nobis annus voluntarius aequus absconditus unde nihil annus synagoga",
  "additionalDetails": "ascisco talio tertius porro sunt ultra celer placeat thermae denego",
  "workDescriptionAction": "submit",
  "attachments": [
    {
      "id": "d8b69b93-c7f4-49d2-b286-bb887b6fccc0",
      "type": "cm7d1c0qr0002u8tlri2ourws/cm7d1c0rc000gu8tl4i7fmb6e/regular_size_file.pdf",
      "name": "cm7d1c0qr0002u8tlri2ourws/cm7d1c0rc000gu8tl4i7fmb6e/regular_size_file.pdf",
      "url": "https://storage.googleapis.com/work_permit_files/cm7d1c0qr0002u8tlri2ourws/cm7d1c0rc000gu8tl4i7fmb6e/regular_size_file.pdf?X-Goog-Algorithm=GOOG4-RSA-SHA256&X-Goog-Credential=work-permit-bucket-sa%40cntxt-product-work-permit.iam.gserviceaccount.com%2F20250220%2Fauto%2Fstorage%2Fgoog4_request&X-Goog-Date=20250220T075045Z&X-Goog-Expires=86400&X-Goog-SignedHeaders=host&X-Goog-Signature=9a0f8d8e961e15b67ec174eb2ad3e7b0a15d7b4389bcac2131507fb0f6810f60cbff50e13ae1d3f8ec668acf32a1fa31c9c3916c434c7ee4e5a9fad2f271518897e2f994d64cee88261751f73f38befafe689f65ebfbf19075d223784d953491a77d6da7a1e5f00228fa4a4837ba6014bb9581349dfe7b226d923825aad772ef7aa05c73e2f925cf70ac8a0510cbc2b0a72b8742aa6ad9cea32bcfd815b8b500e2965d4cdefb62057816959b321018493b9d1ee27254f8db67ff3b825a363ee96e01c81c9062980d9880c444d64f12fe88bbd5ec6ea84626b2cbfa2558aa997cd3023ad1693c4d11cdb96a338969346603695a33740cc9bb236326d0adcd35c3"
    }
  ],
  "taskSubmittingUser": {
    "id": "e2e_receiver_user@cntxt.com",
    "name": "e2e receiver",
    "email": "e2e_receiver_user@cntxt.com",
    "org": "cm7d1c0qr0002u8tlri2ourws",
    "currentOrg": {
      "id": "cm7d1c0qr0002u8tlri2ourws",
      "name": "E2E Org",
      "userId": null,
      "currentWorkflowId": "",
      "parentOrgId": null,
      "tenantId": 1,
      "externalId": null
    },
    "actions": [
      "WORKFLOW_ROLE_RECEIVER",
      "WORKFLOW_FORM_WORK_DESCRIPTION",
      "WORKFLOW_FORM_WORK_TYPE",
      "WORKFLOW_FORM_PERMIT_ACKNOWLEDGEMENT",
      "WORKFLOW_FORM_WORK_ON_SITE",
      "WORKFLOW_SUBMIT_DESCRIPTION",
      "WORKFLOW_RISK_ACKNOWLEDGEMENT",
      "WORKFLOW_ACTIVE_PERMIT_ACTIONS",
      "WORKFLOW_READ_PERMIT",
      "WORKFLOW_CREATE_PERMIT",
      "WORKFLOW_AUTO_ASSIGN_RECEIVER",
      "WORKFLOW_IN_RECEIVER_LIST",
      "WORKFLOW_FORM_ACKNOWLEDGE_SCHEDULE_SITE_VISIT",
      "WORKFLOW_ROLE_RECEIVER",
      "WORKFLOW_FORM_WORK_DESCRIPTION",
      "WORKFLOW_FORM_WORK_TYPE",
      "WORKFLOW_FORM_PERMIT_ACKNOWLEDGEMENT",
      "WORKFLOW_FORM_WORK_ON_SITE",
      "WORKFLOW_SUBMIT_DESCRIPTION",
      "WORKFLOW_RISK_ACKNOWLEDGEMENT",
      "WORKFLOW_ACTIVE_PERMIT_ACTIONS",
      "WORKFLOW_READ_PERMIT",
      "WORKFLOW_CREATE_PERMIT",
      "WORKFLOW_AUTO_ASSIGN_RECEIVER",
      "WORKFLOW_IN_RECEIVER_LIST",
      "WORKFLOW_FORM_ACKNOWLEDGE_SCHEDULE_SITE_VISIT"
    ]
  },
  "lastUpdatedTimestamp_2251799813685611": 1740037852881
}
Getting work permit properties:
BI/ Work Order No.
Work title
Work start date and time
Work end date and time
Exact work location
Gas testing required?
Work to be done
Is this a high risk activity?
Equipment to be used at the site
Additional Details
item<BI/ Work Order No.> value<NwDHo4YCehtiL> editable<false>
item<Work title> value<talis> editable<false>
item<Work start date and time> value<2025-03-02 15:00> editable<false>
item<Work end date and time> value<2025-03-24 16:00> editable<false>
item<Exact work location> value<659W+FR Al Khobar Saudi Arabia> editable<false>
item<Gas testing required?> value<Yes> editable<false>
item<Work to be done> value<tibi valeo complectus auditor id tredecim confugo annus utique texo> editable<false>
item<Is this a high risk activity?> value<No> editable<false>
item<Equipment to be used at the site> value<vesper nobis annus voluntarius aequus absconditus unde nihil annus synagoga> editable<false>
item<Additional Details> value<ascisco talio tertius porro sunt ultra celer placeat thermae denego> editable<false>
Verifying console and network messages...
]]>
</system-out>
</testcase>
<testcase name="@extended @dwp without Gas Testing @smoke › Accept submitted work permit as issuer" classname="WorkPermitWorkFlow.spec.ts" time="88.755">
<system-out>
<![CDATA[Console Listener fixture...
Getting work permit properties:
BI/ Work Order No.
Work title
Work start date and time
Work end date and time
Exact work location
Gas testing required?
Work to be done
Is this a high risk activity?
Equipment to be used at the site
Additional Details
Assign Receiver
item<BI/ Work Order No.> value<NwDHo4YCehtiL> editable<true>
item<Work title> value<talis> editable<true>
item<Work start date and time> value<2025-03-02 15:00> editable<true>
item<Work end date and time> value<2025-03-24 16:00> editable<true>
item<Exact work location> value<659W+FR Al Khobar Saudi Arabia> editable<true>
item<Gas testing required?> value<Yes> editable<true>
item<Work to be done> value<tibi valeo complectus auditor id tredecim confugo annus utique texo> editable<true>
item<Is this a high risk activity?> value<No> editable<true>
item<Equipment to be used at the site> value<vesper nobis annus voluntarius aequus absconditus unde nihil annus synagoga> editable<true>
item<Additional Details> value<ascisco talio tertius porro sunt ultra celer placeat thermae denego> editable<true>
item<Assign Receiver> value<e2e receiver> editable<true>
SHFIT END DATE:  2025-03-02T16:00:39.042Z
Filling work permit form with following data:
{
  "BI/ Work Order No.": "I6buvW5PTEt",
  "Work title": "iste",
  "Work start date and time": "2025-03-02 22:00",
  "Work end date and time": "2025-03-12 23:00",
  "Exact work location": "659W+FR Al Khobar Saudi Arabia",
  "Gas testing required?": "No",
  "Work to be done": "volaticus pariatur auctor conturbo modi delinquo beatus quibusdam capitulus maiores",
  "Is this a high risk activity?": "No",
  "Equipment to be used at the site": "alo rem impedit creta clamo tripudio valeo civitas vulgivagus tergum",
  "Additional Details": "talus voluptatem clementia culpa ultra vado arx tristis cibo ulterius",
  "Uploaded Files": "/home/runner/work/applications-product/applications-product/apps/work-permit-e2e/e2e/attachments/another_file.pdf",
  "Assign Issuer": "e2e issuer"
}
Filling <BI/ Work Order No.> with value <I6buvW5PTEt>
Filling <Work title> with value <iste>
Filling <Work start date and time> with value <2025-03-02 22:00>
Filling <Work end date and time> with value <2025-03-12 23:00>
Filling <Exact work location> with value <659W+FR Al Khobar Saudi Arabia>
Filling <Gas testing required?> with value <No>
Checking response:
url=<http://localhost:4200/api/v1/workflows/process-instances/2251799813685333/variables?local=true&elementInstanceKey=2251799813685333> postData <{"gasTestingRequired":"false","lastUpdatedTimestamp_2251799813686272":1740037914260}>
urlPattern </workflows\/process-instances\/\d+\/variables\?.*/> expPayload <gasTestingRequired>
Filling <Work to be done> with value <volaticus pariatur auctor conturbo modi delinquo beatus quibusdam capitulus maiores>
Filling <Is this a high risk activity?> with value <No>
Checking response:
url=<http://localhost:4200/api/v1/workflows/process-instances/2251799813685333/variables?local=true&elementInstanceKey=2251799813685333> postData <{"isHighRiskActivity":"false","lastUpdatedTimestamp_2251799813686272":1740037919031}>
urlPattern </workflows\/process-instances\/\d+\/variables\?.*/> expPayload <isHighRiskActivity>
Filling <Equipment to be used at the site> with value <alo rem impedit creta clamo tripudio valeo civitas vulgivagus tergum>
Filling <Additional Details> with value <talus voluptatem clementia culpa ultra vado arx tristis cibo ulterius>
Filling <Uploaded Files> with value </home/runner/work/applications-product/applications-product/apps/work-permit-e2e/e2e/attachments/another_file.pdf>
Filling <Assign Issuer> with value <e2e issuer>
Complete response JSON
{
  "receiverValue": "e2e_receiver_user@cntxt.com",
  "workPermitTitle": "iste",
  "workOrderNo": "I6buvW5PTEt",
  "workStartDatetime": "2025-03-02T22:00:00Z",
  "workEndDatetime": "2025-03-12T23:00:00Z",
  "locationExact": {
    "address": "659W+FR Al Khobar Saudi Arabia",
    "center": {
      "lat": 26.218663008362878,
      "lng": 50.19709999999999
    },
    "zoom": 0,
    "geometry": {}
  },
  "gasTestingRequired": "false",
  "workToBeDone": "volaticus pariatur auctor conturbo modi delinquo beatus quibusdam capitulus maiores",
  "isHighRiskActivity": "false",
  "equipmentToBeUsed": "alo rem impedit creta clamo tripudio valeo civitas vulgivagus tergum",
  "additionalDetails": "talus voluptatem clementia culpa ultra vado arx tristis cibo ulterius",
  "attachments": [
    {
      "id": "35243d98-3dd0-426a-b238-3771755cce60",
      "type": "cm7d1c0qr0002u8tlri2ourws/cm7d1c0rc000gu8tl4i7fmb6e/another_file.pdf",
      "name": "cm7d1c0qr0002u8tlri2ourws/cm7d1c0rc000gu8tl4i7fmb6e/another_file.pdf",
      "url": "https://storage.googleapis.com/work_permit_files/cm7d1c0qr0002u8tlri2ourws/cm7d1c0rc000gu8tl4i7fmb6e/another_file.pdf?X-Goog-Algorithm=GOOG4-RSA-SHA256&X-Goog-Credential=work-permit-bucket-sa%40cntxt-product-work-permit.iam.gserviceaccount.com%2F20250220%2Fauto%2Fstorage%2Fgoog4_request&X-Goog-Date=20250220T075206Z&X-Goog-Expires=86400&X-Goog-SignedHeaders=host&X-Goog-Signature=68aac46a821ebfd9b8d881fd328c1d3e0f7bb6eb3c7b2fd23c2e822f8296287f3a8136d4bbb192bf8541d7be7b91c54b6e6a79f5a8df39211b9475a1ba4ef4de0470b42a9211ebb5d6a01eaa7dd094103a055ca27637f32951cb82976ca414c13da3dd9e89255e83d4cd8a79c3bd12b831901d2ddcc3beafa42b1972d1994088a5419cac13ad5200a63f37b62dd895d13ccd8607e520a59625c4b98af3371a43d999af8872bd84eafdb5a2676a843e2d3cd19cc8a4ea489fdd9b50dad708c8013e87540c198cc9250f446ae33246a629b0b5353af60f336db348b50c34aa61140349f3ca1d9a364153d8057275792ca99a4cfb5be7c897f5572faacfaae65b67"
    }
  ],
  "workDescriptionAction": "submit",
  "issuerValue": "e2e_issuer_user@cntxt.com",
  "wpIssuerApprovalRequestWorkDescription": "approved",
  "taskSubmittingUser": {
    "id": "e2e_issuer_user@cntxt.com",
    "name": "e2e issuer",
    "email": "e2e_issuer_user@cntxt.com",
    "org": "cm7d1c0qr0002u8tlri2ourws",
    "currentOrg": {
      "id": "cm7d1c0qr0002u8tlri2ourws",
      "name": "E2E Org",
      "userId": null,
      "currentWorkflowId": "",
      "parentOrgId": null,
      "tenantId": 1,
      "externalId": null
    },
    "actions": [
      "WORKFLOW_READ_PERMIT",
      "WORKFLOW_ASSIGN_ISSUER",
      "WORKFLOW_ASSIGN_RECEIVER",
      "WORKFLOW_PROGRESS_PERMIT",
      "WORKFLOW_GAS_TESTS_REVIEW",
      "WORKFLOW_AUTHORIZE_PERMIT",
      "WORKFLOW_ISSUE_PERMIT",
      "WORKFLOW_ACTIVE_PERMIT_ACTIONS",
      "WORKFLOW_FORM_WORK_DESCRIPTION",
      "WORKFLOW_FORM_WORK_TYPE",
      "WORKFLOW_FORM_HAZARD_IDENTIFICATION",
      "WORKFLOW_FORM_SUPPLEMENTARY_DOCUMENTS",
      "WORKFLOW_FORM_SCHEDULE_SITE_VISIT",
      "WORKFLOW_FORM_REVIEW_GAS_TESTS",
      "WORKFLOW_FORM_JSI",
      "WORKFLOW_COMPLETE_JSI",
      "WORKFLOW_FORM_ISSUE_PERMIT",
      "WORKFLOW_FORM_POST_WORK_INSPECTION",
      "WORKFLOW_READ_PERMIT",
      "WORKFLOW_CREATE_PERMIT",
      "WORKFLOW_FORM_RENEW",
      "WORKFLOW_FORM_WORK_DESCRIPTION_REVIEW",
      "WORKFLOW_FORM_HIGHER_APPROVAL_REQUEST",
      "WORKFLOW_FORM_COUNTER_SIGNATURE_MANAGE_REQUEST",
      "WORKFLOW_SUBMIT_DESCRIPTION",
      "WORKFLOW_IN_ISSUER_LIST",
      "WORKFLOW_REQUEST_HIGHER_APPROVAL",
      "WORKFLOW_FORM_WORK_ON_SITE",
      "WORKFLOW_ROLE_JSA_REQUESTER",
      "WORKFLOW_FORM_JSA_GENERAL_INFORMATION",
      "WORKFLOW_CREATE_JSA",
      "WORKFLOW_READ_JSA",
      "WORKFLOW_LIST_JSA",
      "WORKFLOW_VIEW_JSA_DASHBOARD",
      "WORKFLOW_READ_PERMIT",
      "WORKFLOW_ASSIGN_ISSUER",
      "WORKFLOW_ASSIGN_RECEIVER",
      "WORKFLOW_PROGRESS_PERMIT",
      "WORKFLOW_GAS_TESTS_REVIEW",
      "WORKFLOW_AUTHORIZE_PERMIT",
      "WORKFLOW_ISSUE_PERMIT",
      "WORKFLOW_ACTIVE_PERMIT_ACTIONS",
      "WORKFLOW_FORM_WORK_DESCRIPTION",
      "WORKFLOW_FORM_WORK_TYPE",
      "WORKFLOW_FORM_HAZARD_IDENTIFICATION",
      "WORKFLOW_FORM_SUPPLEMENTARY_DOCUMENTS",
      "WORKFLOW_FORM_SCHEDULE_SITE_VISIT",
      "WORKFLOW_FORM_REVIEW_GAS_TESTS",
      "WORKFLOW_FORM_JSI",
      "WORKFLOW_COMPLETE_JSI",
      "WORKFLOW_FORM_ISSUE_PERMIT",
      "WORKFLOW_FORM_POST_WORK_INSPECTION",
      "WORKFLOW_READ_PERMIT",
      "WORKFLOW_CREATE_PERMIT",
      "WORKFLOW_FORM_RENEW",
      "WORKFLOW_FORM_WORK_DESCRIPTION_REVIEW",
      "WORKFLOW_FORM_HIGHER_APPROVAL_REQUEST",
      "WORKFLOW_FORM_COUNTER_SIGNATURE_MANAGE_REQUEST",
      "WORKFLOW_SUBMIT_DESCRIPTION",
      "WORKFLOW_IN_ISSUER_LIST",
      "WORKFLOW_REQUEST_HIGHER_APPROVAL",
      "WORKFLOW_FORM_WORK_ON_SITE",
      "WORKFLOW_ROLE_JSA_REQUESTER",
      "WORKFLOW_FORM_JSA_GENERAL_INFORMATION",
      "WORKFLOW_CREATE_JSA",
      "WORKFLOW_READ_JSA",
      "WORKFLOW_LIST_JSA",
      "WORKFLOW_VIEW_JSA_DASHBOARD"
    ]
  },
  "lastUpdatedTimestamp_2251799813686272": 1740037940952
}
Verifying console and network messages...
]]>
</system-out>
</testcase>
<testcase name="@extended @dwp without Gas Testing @smoke › Fill Hazard Identification as issuer" classname="WorkPermitWorkFlow.spec.ts" time="41.794">
<system-out>
<![CDATA[Console Listener fixture...
Filling work permit form with following data:
{
  "Identify and attach any supplementary forms required to perform/control work": [
    "Job Safety Analysis"
  ],
  "Energy Types:": [
    "Hydrocarbon/gas/steam/chemicals"
  ],
  "Isolation Method(s)": [
    "Locked switch/breaker"
  ],
  "Potential Exposures": [
    "High noise level"
  ],
  "Protective Equipment": [
    "Personal H2S monitor"
  ],
  "Standby man needed?": "Yes",
  "Standby man badge number": "44130",
  "List any Additional Safety Precautions": "vigor conor catena perspiciatis a provident confido defetiscor tenetur arbustum"
}
Filling section:
<Identify and attach any supplementary forms required to perform/control work> with Job Safety Analysis
Filling section:
<Energy Types:> with Hydrocarbon/gas/steam/chemicals
Filling section:
<Isolation Method(s)> with Locked switch/breaker
Filling section:
<Potential Exposures> with High noise level
Filling section:
<Protective Equipment> with Personal H2S monitor
Filling <Standby man needed?> with <Yes>
Checking response:
url=<http://localhost:4200/api/v1/workflows/process-instances/2251799813685333/variables?local=true&elementInstanceKey=2251799813687237> postData <{"standbyManNeeded":"y","lastUpdatedTimestamp_2251799813687238":1740037987635}>
urlPattern </workflows\/process-instances\/\d+\/variables\?.*/> expPayload <standbyManNeeded>
Filling <Standby man badge number> with <44130>
Checking response:
url=<http://localhost:4200/api/v1/workflows/process-instances/2251799813685333/variables?local=true&elementInstanceKey=2251799813687237> postData <{"standbyManBadgeNumber":"44130","lastUpdatedTimestamp_2251799813687238":1740037989435}>
urlPattern </workflows\/process-instances\/\d+\/variables\?.*/> expPayload <standbyManBadgeNumber>
Filling <List any Additional Safety Precautions> with <vigor conor catena perspiciatis a provident confido defetiscor tenetur arbustum>
Checking response:
url=<http://localhost:4200/api/v1/workflows/process-instances/2251799813685333/variables?local=true&elementInstanceKey=2251799813687237> postData <{"additionalSafetyPrecautions":"vigor conor catena perspiciatis a provident confido defetiscor tenetur arbustum","lastUpdatedTimestamp_2251799813687238":1740037991041}>
urlPattern </workflows\/process-instances\/\d+\/variables\?.*/> expPayload <additionalSafetyPrecautions>
Complete response JSON
{
  "hazardChecklist": {
    "hazardChecklist.job_safety_analysis": true,
    "hazardChecklist.N/A": false
  },
  "energyTypes": {
    "energyTypes.Hydrocarbongassteamchemicals": true,
    "energyTypes.N/A": false
  },
  "isolationMethods": {
    "isolationMethods.Lockedswitchbreaker": true,
    "isolationMethods.N/A": false
  },
  "potentialExposures": {
    "potentialExposures.Highnoiselevel": true,
    "potentialExposures.N/A": false
  },
  "protectiveEquipment": {
    "protectiveEquipment.PersonalH2Smonitor": true,
    "protectiveEquipment.N/A": false
  },
  "standbyManNeeded": "y",
  "additionalSafetyPrecautions": "vigor conor catena perspiciatis a provident confido defetiscor tenetur arbustum",
  "standbyManBadgeNumber": "44130",
  "taskSubmittingUser": {
    "id": "e2e_issuer_user@cntxt.com",
    "name": "e2e issuer",
    "email": "e2e_issuer_user@cntxt.com",
    "org": "cm7d1c0qr0002u8tlri2ourws",
    "currentOrg": {
      "id": "cm7d1c0qr0002u8tlri2ourws",
      "name": "E2E Org",
      "userId": null,
      "currentWorkflowId": "",
      "parentOrgId": null,
      "tenantId": 1,
      "externalId": null
    },
    "actions": [
      "WORKFLOW_READ_PERMIT",
      "WORKFLOW_ASSIGN_ISSUER",
      "WORKFLOW_ASSIGN_RECEIVER",
      "WORKFLOW_PROGRESS_PERMIT",
      "WORKFLOW_GAS_TESTS_REVIEW",
      "WORKFLOW_AUTHORIZE_PERMIT",
      "WORKFLOW_ISSUE_PERMIT",
      "WORKFLOW_ACTIVE_PERMIT_ACTIONS",
      "WORKFLOW_FORM_WORK_DESCRIPTION",
      "WORKFLOW_FORM_WORK_TYPE",
      "WORKFLOW_FORM_HAZARD_IDENTIFICATION",
      "WORKFLOW_FORM_SUPPLEMENTARY_DOCUMENTS",
      "WORKFLOW_FORM_SCHEDULE_SITE_VISIT",
      "WORKFLOW_FORM_REVIEW_GAS_TESTS",
      "WORKFLOW_FORM_JSI",
      "WORKFLOW_COMPLETE_JSI",
      "WORKFLOW_FORM_ISSUE_PERMIT",
      "WORKFLOW_FORM_POST_WORK_INSPECTION",
      "WORKFLOW_READ_PERMIT",
      "WORKFLOW_CREATE_PERMIT",
      "WORKFLOW_FORM_RENEW",
      "WORKFLOW_FORM_WORK_DESCRIPTION_REVIEW",
      "WORKFLOW_FORM_HIGHER_APPROVAL_REQUEST",
      "WORKFLOW_FORM_COUNTER_SIGNATURE_MANAGE_REQUEST",
      "WORKFLOW_SUBMIT_DESCRIPTION",
      "WORKFLOW_IN_ISSUER_LIST",
      "WORKFLOW_REQUEST_HIGHER_APPROVAL",
      "WORKFLOW_FORM_WORK_ON_SITE",
      "WORKFLOW_ROLE_JSA_REQUESTER",
      "WORKFLOW_FORM_JSA_GENERAL_INFORMATION",
      "WORKFLOW_CREATE_JSA",
      "WORKFLOW_READ_JSA",
      "WORKFLOW_LIST_JSA",
      "WORKFLOW_VIEW_JSA_DASHBOARD",
      "WORKFLOW_READ_PERMIT",
      "WORKFLOW_ASSIGN_ISSUER",
      "WORKFLOW_ASSIGN_RECEIVER",
      "WORKFLOW_PROGRESS_PERMIT",
      "WORKFLOW_GAS_TESTS_REVIEW",
      "WORKFLOW_AUTHORIZE_PERMIT",
      "WORKFLOW_ISSUE_PERMIT",
      "WORKFLOW_ACTIVE_PERMIT_ACTIONS",
      "WORKFLOW_FORM_WORK_DESCRIPTION",
      "WORKFLOW_FORM_WORK_TYPE",
      "WORKFLOW_FORM_HAZARD_IDENTIFICATION",
      "WORKFLOW_FORM_SUPPLEMENTARY_DOCUMENTS",
      "WORKFLOW_FORM_SCHEDULE_SITE_VISIT",
      "WORKFLOW_FORM_REVIEW_GAS_TESTS",
      "WORKFLOW_FORM_JSI",
      "WORKFLOW_COMPLETE_JSI",
      "WORKFLOW_FORM_ISSUE_PERMIT",
      "WORKFLOW_FORM_POST_WORK_INSPECTION",
      "WORKFLOW_READ_PERMIT",
      "WORKFLOW_CREATE_PERMIT",
      "WORKFLOW_FORM_RENEW",
      "WORKFLOW_FORM_WORK_DESCRIPTION_REVIEW",
      "WORKFLOW_FORM_HIGHER_APPROVAL_REQUEST",
      "WORKFLOW_FORM_COUNTER_SIGNATURE_MANAGE_REQUEST",
      "WORKFLOW_SUBMIT_DESCRIPTION",
      "WORKFLOW_IN_ISSUER_LIST",
      "WORKFLOW_REQUEST_HIGHER_APPROVAL",
      "WORKFLOW_FORM_WORK_ON_SITE",
      "WORKFLOW_ROLE_JSA_REQUESTER",
      "WORKFLOW_FORM_JSA_GENERAL_INFORMATION",
      "WORKFLOW_CREATE_JSA",
      "WORKFLOW_READ_JSA",
      "WORKFLOW_LIST_JSA",
      "WORKFLOW_VIEW_JSA_DASHBOARD"
    ]
  },
  "lastUpdatedTimestamp_2251799813687238": 1740037994338
}
Verifying console and network messages...
]]>
</system-out>
</testcase>
<testcase name="@extended @dwp without Gas Testing @smoke › Add Supplementary Documents as issuer" classname="WorkPermitWorkFlow.spec.ts" time="17.707">
<system-out>
<![CDATA[Console Listener fixture...
Uploading following data:
/home/runner/work/applications-product/applications-product/apps/work-permit-e2e/e2e/attachments/regular_size_file.pdf
Complete response JSON
{
  "supplementaryDocumentsAction": "proceedToHigherApproval",
  "taskSubmittingUser": {
    "id": "e2e_issuer_user@cntxt.com",
    "name": "e2e issuer",
    "email": "e2e_issuer_user@cntxt.com",
    "org": "cm7d1c0qr0002u8tlri2ourws",
    "currentOrg": {
      "id": "cm7d1c0qr0002u8tlri2ourws",
      "name": "E2E Org",
      "userId": null,
      "currentWorkflowId": "",
      "parentOrgId": null,
      "tenantId": 1,
      "externalId": null
    },
    "actions": [
      "WORKFLOW_READ_PERMIT",
      "WORKFLOW_ASSIGN_ISSUER",
      "WORKFLOW_ASSIGN_RECEIVER",
      "WORKFLOW_PROGRESS_PERMIT",
      "WORKFLOW_GAS_TESTS_REVIEW",
      "WORKFLOW_AUTHORIZE_PERMIT",
      "WORKFLOW_ISSUE_PERMIT",
      "WORKFLOW_ACTIVE_PERMIT_ACTIONS",
      "WORKFLOW_FORM_WORK_DESCRIPTION",
      "WORKFLOW_FORM_WORK_TYPE",
      "WORKFLOW_FORM_HAZARD_IDENTIFICATION",
      "WORKFLOW_FORM_SUPPLEMENTARY_DOCUMENTS",
      "WORKFLOW_FORM_SCHEDULE_SITE_VISIT",
      "WORKFLOW_FORM_REVIEW_GAS_TESTS",
      "WORKFLOW_FORM_JSI",
      "WORKFLOW_COMPLETE_JSI",
      "WORKFLOW_FORM_ISSUE_PERMIT",
      "WORKFLOW_FORM_POST_WORK_INSPECTION",
      "WORKFLOW_READ_PERMIT",
      "WORKFLOW_CREATE_PERMIT",
[...]
<![CDATA[Console Listener fixture...
[DEBUG] Before time travel: Page time = 2025-03-02T15:55:55.366Z, Target time = 2025-03-02T16:05:37.746Z
[DEBUG] After time travel: Page time = 2025-03-02T16:05:37.746Z
Fill analysis check with all yes
Complete response JSON
{
  "isCorrectTypeOfPermit": "Y",
  "isJsaCommunicated": "Y",
  "areHazardsControlled": "Y",
  "doesCrewHasCorrectTools": "Y",
  "doPersonnelHaveCertificates": "Y",
  "isEquipmentStickerValid": "Y",
  "isRequirementsForWorkAtHightsApplied": "Y",
  "isScaffoldTagCompleted": "Y",
  "hasContactWithSharpObjects": "Y",
  "isSystemIsolated": "Y",
  "isEquipmentDepressurized": "Y",
  "isReleasingFlammableLiquids": "Y",
  "doesHaveFirefightingEquipment": "Y",
  "hasExposureToHighNoiseLevels": "Y",
  "isPpeAvailable": "Y",
  "doesWorkImpactOthers": "Y",
  "isThereContingencyPlan": "Y",
  "doesCrewKnowEmergencyHandling": "Y",
  "wpIssuerAuthorizeRequestInspectionTest": "authorize",
  "taskSubmittingUser": {
    "id": "e2e_issuer_user@cntxt.com",
    "name": "e2e issuer",
    "email": "e2e_issuer_user@cntxt.com",
    "org": "cm7d1c0qr0002u8tlri2ourws",
    "currentOrg": {
      "id": "cm7d1c0qr0002u8tlri2ourws",
      "name": "E2E Org",
      "userId": null,
      "currentWorkflowId": "",
      "parentOrgId": null,
      "tenantId": 1,
      "externalId": null
    },
    "actions": [
      "WORKFLOW_READ_PERMIT",
      "WORKFLOW_ASSIGN_ISSUER",
      "WORKFLOW_ASSIGN_RECEIVER",
      "WORKFLOW_PROGRESS_PERMIT",
      "WORKFLOW_GAS_TESTS_REVIEW",
      "WORKFLOW_AUTHORIZE_PERMIT",
      "WORKFLOW_ISSUE_PERMIT",
      "WORKFLOW_ACTIVE_PERMIT_ACTIONS",
      "WORKFLOW_FORM_WORK_DESCRIPTION",
      "WORKFLOW_FORM_WORK_TYPE",
      "WORKFLOW_FORM_HAZARD_IDENTIFICATION",
      "WORKFLOW_FORM_SUPPLEMENTARY_DOCUMENTS",
      "WORKFLOW_FORM_SCHEDULE_SITE_VISIT",
      "WORKFLOW_FORM_REVIEW_GAS_TESTS",
      "WORKFLOW_FORM_JSI",
      "WORKFLOW_COMPLETE_JSI",
      "WORKFLOW_FORM_ISSUE_PERMIT",
      "WORKFLOW_FORM_POST_WORK_INSPECTION",
      "WORKFLOW_READ_PERMIT",
      "WORKFLOW_CREATE_PERMIT",
      "WORKFLOW_FORM_RENEW",
      "WORKFLOW_FORM_WORK_DESCRIPTION_REVIEW",
      "WORKFLOW_FORM_HIGHER_APPROVAL_REQUEST",
      "WORKFLOW_FORM_COUNTER_SIGNATURE_MANAGE_REQUEST",
      "WORKFLOW_SUBMIT_DESCRIPTION",
      "WORKFLOW_IN_ISSUER_LIST",
      "WORKFLOW_REQUEST_HIGHER_APPROVAL",
      "WORKFLOW_FORM_WORK_ON_SITE",
      "WORKFLOW_ROLE_JSA_REQUESTER",
      "WORKFLOW_FORM_JSA_GENERAL_INFORMATION",
      "WORKFLOW_CREATE_JSA",
      "WORKFLOW_READ_JSA",
      "WORKFLOW_LIST_JSA",
      "WORKFLOW_VIEW_JSA_DASHBOARD",
      "WORKFLOW_READ_PERMIT",
      "WORKFLOW_ASSIGN_ISSUER",
      "WORKFLOW_ASSIGN_RECEIVER",
      "WORKFLOW_PROGRESS_PERMIT",
      "WORKFLOW_GAS_TESTS_REVIEW",
      "WORKFLOW_AUTHORIZE_PERMIT",
      "WORKFLOW_ISSUE_PERMIT",
      "WORKFLOW_ACTIVE_PERMIT_ACTIONS",
      "WORKFLOW_FORM_WORK_DESCRIPTION",
      "WORKFLOW_FORM_WORK_TYPE",
      "WORKFLOW_FORM_HAZARD_IDENTIFICATION",
      "WORKFLOW_FORM_SUPPLEMENTARY_DOCUMENTS",
      "WORKFLOW_FORM_SCHEDULE_SITE_VISIT",
      "WORKFLOW_FORM_REVIEW_GAS_TESTS",
      "WORKFLOW_FORM_JSI",
      "WORKFLOW_COMPLETE_JSI",
      "WORKFLOW_FORM_ISSUE_PERMIT",
      "WORKFLOW_FORM_POST_WORK_INSPECTION",
      "WORKFLOW_READ_PERMIT",
      "WORKFLOW_CREATE_PERMIT",
      "WORKFLOW_FORM_RENEW",
      "WORKFLOW_FORM_WORK_DESCRIPTION_REVIEW",
      "WORKFLOW_FORM_HIGHER_APPROVAL_REQUEST",
      "WORKFLOW_FORM_COUNTER_SIGNATURE_MANAGE_REQUEST",
      "WORKFLOW_SUBMIT_DESCRIPTION",
      "WORKFLOW_IN_ISSUER_LIST",
      "WORKFLOW_REQUEST_HIGHER_APPROVAL",
      "WORKFLOW_FORM_WORK_ON_SITE",
      "WORKFLOW_ROLE_JSA_REQUESTER",
      "WORKFLOW_FORM_JSA_GENERAL_INFORMATION",
      "WORKFLOW_CREATE_JSA",
      "WORKFLOW_READ_JSA",
      "WORKFLOW_LIST_JSA",
      "WORKFLOW_VIEW_JSA_DASHBOARD"
    ]
  },
  "lastUpdatedTimestamp_2251799813688095": 1740931537746
}
Verifying console and network messages...
]]>
</system-out>
</testcase>
<testcase name="@regular @dwp without Gas Testing @smoke › JSI Authorize Permit as receiver " classname="WorkPermitWorkFlow.spec.ts" time="20.759">
<system-out>
<![CDATA[Console Listener fixture...
Geo location = undefined
Complete response JSON
{
  "isCorrectTypeOfPermit": "Y",
  "isJsaCommunicated": "Y",
  "areHazardsControlled": "Y",
  "doesCrewHasCorrectTools": "Y",
  "doPersonnelHaveCertificates": "Y",
  "isEquipmentStickerValid": "Y",
  "isRequirementsForWorkAtHightsApplied": "Y",
  "isScaffoldTagCompleted": "Y",
  "hasContactWithSharpObjects": "Y",
  "isSystemIsolated": "Y",
  "isEquipmentDepressurized": "Y",
  "isReleasingFlammableLiquids": "Y",
  "doesHaveFirefightingEquipment": "Y",
  "hasExposureToHighNoiseLevels": "Y",
  "isPpeAvailable": "Y",
  "doesWorkImpactOthers": "Y",
  "isThereContingencyPlan": "Y",
  "doesCrewKnowEmergencyHandling": "Y",
  "wpIssuerAuthorizeRequestInspectionTest": "authorize",
  "wpReceiverAuthorizeRequestInspectionTest": "authorize",
  "taskSubmittingUser": {
    "id": "e2e_receiver_user@cntxt.com",
    "name": "e2e receiver",
    "email": "e2e_receiver_user@cntxt.com",
    "org": "cm7d1c0qr0002u8tlri2ourws",
    "currentOrg": {
      "id": "cm7d1c0qr0002u8tlri2ourws",
      "name": "E2E Org",
      "userId": null,
      "currentWorkflowId": "",
      "parentOrgId": null,
      "tenantId": 1,
      "externalId": null
    },
    "actions": [
      "WORKFLOW_ROLE_RECEIVER",
      "WORKFLOW_FORM_WORK_DESCRIPTION",
      "WORKFLOW_FORM_WORK_TYPE",
      "WORKFLOW_FORM_PERMIT_ACKNOWLEDGEMENT",
      "WORKFLOW_FORM_WORK_ON_SITE",
      "WORKFLOW_SUBMIT_DESCRIPTION",
      "WORKFLOW_RISK_ACKNOWLEDGEMENT",
      "WORKFLOW_ACTIVE_PERMIT_ACTIONS",
      "WORKFLOW_READ_PERMIT",
      "WORKFLOW_CREATE_PERMIT",
      "WORKFLOW_AUTO_ASSIGN_RECEIVER",
      "WORKFLOW_IN_RECEIVER_LIST",
      "WORKFLOW_FORM_ACKNOWLEDGE_SCHEDULE_SITE_VISIT",
      "WORKFLOW_ROLE_RECEIVER",
      "WORKFLOW_FORM_WORK_DESCRIPTION",
      "WORKFLOW_FORM_WORK_TYPE",
      "WORKFLOW_FORM_PERMIT_ACKNOWLEDGEMENT",
      "WORKFLOW_FORM_WORK_ON_SITE",
      "WORKFLOW_SUBMIT_DESCRIPTION",
      "WORKFLOW_RISK_ACKNOWLEDGEMENT",
      "WORKFLOW_ACTIVE_PERMIT_ACTIONS",
      "WORKFLOW_READ_PERMIT",
      "WORKFLOW_CREATE_PERMIT",
      "WORKFLOW_AUTO_ASSIGN_RECEIVER",
      "WORKFLOW_IN_RECEIVER_LIST",
      "WORKFLOW_FORM_ACKNOWLEDGE_SCHEDULE_SITE_VISIT"
    ]
  },
  "lastUpdatedTimestamp_2251799813688863": 1740038134444
}
Verifying console and network messages...
]]>
</system-out>
</testcase>
<testcase name="@regular @dwp without Gas Testing @smoke › Permit Acknowledgment as recevier " classname="WorkPermitWorkFlow.spec.ts" time="11.774">
<system-out>
<![CDATA[Console Listener fixture...
Filling Acknowledge

Checking response:
url=<http://localhost:4200/api/v1/workflows/process-instances/2251799813685382/variables?local=true&elementInstanceKey=2251799813689001> postData <{"risksHazardsAcknowledgment":{"risksHazardsAcknowledgment.acknowledged":true},"lastUpdatedTimestamp_2251799813689002":1740038148398}>
urlPattern </workflows\/process-instances\/\d+\/variables\?.*/> expPayload <risksHazardsAcknowledgment>
Complete response JSON
{
  "risksHazardsAcknowledgment": {
    "risksHazardsAcknowledgment.acknowledged": true
  },
  "taskSubmittingUser": {
    "id": "e2e_receiver_user@cntxt.com",
    "name": "e2e receiver",
    "email": "e2e_receiver_user@cntxt.com",
    "org": "cm7d1c0qr0002u8tlri2ourws",
    "currentOrg": {
      "id": "cm7d1c0qr0002u8tlri2ourws",
      "name": "E2E Org",
      "userId": null,
      "currentWorkflowId": "",
      "parentOrgId": null,
      "tenantId": 1,
      "externalId": null
    },
    "actions": [
      "WORKFLOW_ROLE_RECEIVER",
      "WORKFLOW_FORM_WORK_DESCRIPTION",
      "WORKFLOW_FORM_WORK_TYPE",
      "WORKFLOW_FORM_PERMIT_ACKNOWLEDGEMENT",
      "WORKFLOW_FORM_WORK_ON_SITE",
      "WORKFLOW_SUBMIT_DESCRIPTION",
      "WORKFLOW_RISK_ACKNOWLEDGEMENT",
      "WORKFLOW_ACTIVE_PERMIT_ACTIONS",
      "WORKFLOW_READ_PERMIT",
      "WORKFLOW_CREATE_PERMIT",
      "WORKFLOW_AUTO_ASSIGN_RECEIVER",
      "WORKFLOW_IN_RECEIVER_LIST",
      "WORKFLOW_FORM_ACKNOWLEDGE_SCHEDULE_SITE_VISIT",
      "WORKFLOW_ROLE_RECEIVER",
      "WORKFLOW_FORM_WORK_DESCRIPTION",
      "WORKFLOW_FORM_WORK_TYPE",
      "WORKFLOW_FORM_PERMIT_ACKNOWLEDGEMENT",
      "WORKFLOW_FORM_WORK_ON_SITE",
      "WORKFLOW_SUBMIT_DESCRIPTION",
      "WORKFLOW_RISK_ACKNOWLEDGEMENT",
      "WORKFLOW_ACTIVE_PERMIT_ACTIONS",
      "WORKFLOW_READ_PERMIT",
      "WORKFLOW_CREATE_PERMIT",
      "WORKFLOW_AUTO_ASSIGN_RECEIVER",
      "WORKFLOW_IN_RECEIVER_LIST",
      "WORKFLOW_FORM_ACKNOWLEDGE_SCHEDULE_SITE_VISIT"
    ]
  },
  "lastUpdatedTimestamp_2251799813689002": 1740038148857
}
Verifying console and network messages...
]]>
</system-out>
</testcase>
<testcase name="@regular @dwp without Gas Testing @smoke › Permit Authorization as issuer " classname="WorkPermitWorkFlow.spec.ts" time="19.49">
<system-out>
<![CDATA[Console Listener fixture...
[DEBUG] Before time travel: Current time = 2025-02-20T07:55:59.535Z, Target time = 2025-03-02T18:05:00.000Z
[DEBUG] After time travel: Current time = 2025-02-20T07:55:59.542Z
Complete response JSON
{
  "workStartDatetime": "2025-03-02T20:00:00Z",
  "permitStartTime": "2025-03-02T08:00:49.422Z[GMT]",
  "taskSubmittingUser": {
    "id": "e2e_issuer_user@cntxt.com",
    "name": "e2e issuer",
    "email": "e2e_issuer_user@cntxt.com",
    "org": "cm7d1c0qr0002u8tlri2ourws",
    "currentOrg": {
      "id": "cm7d1c0qr0002u8tlri2ourws",
      "name": "E2E Org",
      "userId": null,
      "currentWorkflowId": "",
      "parentOrgId": null,
      "tenantId": 1,
      "externalId": null
    },
    "actions": [
      "WORKFLOW_READ_PERMIT",
      "WORKFLOW_ASSIGN_ISSUER",
      "WORKFLOW_ASSIGN_RECEIVER",
      "WORKFLOW_PROGRESS_PERMIT",
      "WORKFLOW_GAS_TESTS_REVIEW",
      "WORKFLOW_AUTHORIZE_PERMIT",
      "WORKFLOW_ISSUE_PERMIT",
      "WORKFLOW_ACTIVE_PERMIT_ACTIONS",
      "WORKFLOW_FORM_WORK_DESCRIPTION",
      "WORKFLOW_FORM_WORK_TYPE",
      "WORKFLOW_FORM_HAZARD_IDENTIFICATION",
      "WORKFLOW_FORM_SUPPLEMENTARY_DOCUMENTS",
      "WORKFLOW_FORM_SCHEDULE_SITE_VISIT",
      "WORKFLOW_FORM_REVIEW_GAS_TESTS",
      "WORKFLOW_FORM_JSI",
      "WORKFLOW_COMPLETE_JSI",
      "WORKFLOW_FORM_ISSUE_PERMIT",
      "WORKFLOW_FORM_POST_WORK_INSPECTION",
      "WORKFLOW_READ_PERMIT",
      "WORKFLOW_CREATE_PERMIT",
      "WORKFLOW_FORM_RENEW",
      "WORKFLOW_FORM_WORK_DESCRIPTION_REVIEW",
      "WORKFLOW_FORM_HIGHER_APPROVAL_REQUEST",
      "WORKFLOW_FORM_COUNTER_SIGNATURE_MANAGE_REQUEST",
      "WORKFLOW_SUBMIT_DESCRIPTION",
      "WORKFLOW_IN_ISSUER_LIST",
      "WORKFLOW_REQUEST_HIGHER_APPROVAL",
      "WORKFLOW_FORM_WORK_ON_SITE",
      "WORKFLOW_ROLE_JSA_REQUESTER",
      "WORKFLOW_FORM_JSA_GENERAL_INFORMATION",
      "WORKFLOW_CREATE_JSA",
      "WORKFLOW_READ_JSA",
      "WORKFLOW_LIST_JSA",
      "WORKFLOW_VIEW_JSA_DASHBOARD",
      "WORKFLOW_READ_PERMIT",
      "WORKFLOW_ASSIGN_ISSUER",
      "WORKFLOW_ASSIGN_RECEIVER",
      "WORKFLOW_PROGRESS_PERMIT",
      "WORKFLOW_GAS_TESTS_REVIEW",
      "WORKFLOW_AUTHORIZE_PERMIT",
      "WORKFLOW_ISSUE_PERMIT",
      "WORKFLOW_ACTIVE_PERMIT_ACTIONS",
      "WORKFLOW_FORM_WORK_DESCRIPTION",
      "WORKFLOW_FORM_WORK_TYPE",
      "WORKFLOW_FORM_HAZARD_IDENTIFICATION",
      "WORKFLOW_FORM_SUPPLEMENTARY_DOCUMENTS",
      "WORKFLOW_FORM_SCHEDULE_SITE_VISIT",
      "WORKFLOW_FORM_REVIEW_GAS_TESTS",
      "WORKFLOW_FORM_JSI",
      "WORKFLOW_COMPLETE_JSI",
      "WORKFLOW_FORM_ISSUE_PERMIT",
      "WORKFLOW_FORM_POST_WORK_INSPECTION",
      "WORKFLOW_READ_PERMIT",
      "WORKFLOW_CREATE_PERMIT",
      "WORKFLOW_FORM_RENEW",
      "WORKFLOW_FORM_WORK_DESCRIPTION_REVIEW",
      "WORKFLOW_FORM_HIGHER_APPROVAL_REQUEST",
      "WORKFLOW_FORM_COUNTER_SIGNATURE_MANAGE_REQUEST",
      "WORKFLOW_SUBMIT_DESCRIPTION",
      "WORKFLOW_IN_ISSUER_LIST",
      "WORKFLOW_REQUEST_HIGHER_APPROVAL",
      "WORKFLOW_FORM_WORK_ON_SITE",
      "WORKFLOW_ROLE_JSA_REQUESTER",
      "WORKFLOW_FORM_JSA_GENERAL_INFORMATION",
      "WORKFLOW_CREATE_JSA",
      "WORKFLOW_READ_JSA",
      "WORKFLOW_LIST_JSA",
      "WORKFLOW_VIEW_JSA_DASHBOARD"
    ]
  },
  "lastUpdatedTimestamp_2251799813689107": 1740938700000
}
Verifying console and network messages...
]]>
</system-out>
</testcase>
<testcase name="@regular @dwp without Gas Testing @smoke › Close work permit as recevier " classname="WorkPermitWorkFlow.spec.ts" time="37.71">
<system-out>
<![CDATA[Console Listener fixture...
Permofing action Close
Complete response JSON
{
  "action": "complete",
  "taskSubmittingUser": {
    "id": "e2e_receiver_user@cntxt.com",
    "name": "e2e receiver",
    "email": "e2e_receiver_user@cntxt.com",
    "org": "cm7d1c0qr0002u8tlri2ourws",
    "currentOrg": {
      "id": "cm7d1c0qr0002u8tlri2ourws",
      "name": "E2E Org",
      "userId": null,
      "currentWorkflowId": "",
      "parentOrgId": null,
      "tenantId": 1,
      "externalId": null
    },
    "actions": [
      "WORKFLOW_ROLE_RECEIVER",
      "WORKFLOW_FORM_WORK_DESCRIPTION",
      "WORKFLOW_FORM_WORK_TYPE",
      "WORKFLOW_FORM_PERMIT_ACKNOWLEDGEMENT",
      "WORKFLOW_FORM_WORK_ON_SITE",
      "WORKFLOW_SUBMIT_DESCRIPTION",
      "WORKFLOW_RISK_ACKNOWLEDGEMENT",
      "WORKFLOW_ACTIVE_PERMIT_ACTIONS",
      "WORKFLOW_READ_PERMIT",
      "WORKFLOW_CREATE_PERMIT",
      "WORKFLOW_AUTO_ASSIGN_RECEIVER",
      "WORKFLOW_IN_RECEIVER_LIST",
      "WORKFLOW_FORM_ACKNOWLEDGE_SCHEDULE_SITE_VISIT",
      "WORKFLOW_ROLE_RECEIVER",
      "WORKFLOW_FORM_WORK_DESCRIPTION",
      "WORKFLOW_FORM_WORK_TYPE",
      "WORKFLOW_FORM_PERMIT_ACKNOWLEDGEMENT",
      "WORKFLOW_FORM_WORK_ON_SITE",
      "WORKFLOW_SUBMIT_DESCRIPTION",
      "WORKFLOW_RISK_ACKNOWLEDGEMENT",
      "WORKFLOW_ACTIVE_PERMIT_ACTIONS",
      "WORKFLOW_READ_PERMIT",
      "WORKFLOW_CREATE_PERMIT",
      "WORKFLOW_AUTO_ASSIGN_RECEIVER",
      "WORKFLOW_IN_RECEIVER_LIST",
      "WORKFLOW_FORM_ACKNOWLEDGE_SCHEDULE_SITE_VISIT"
    ]
  },
  "lastUpdatedTimestamp_2251799813689221": 1740038193012
}
Verifying console and network messages...
]]>
</system-out>
</testcase>
<testcase name="@regular @dwp without Gas Testing @smoke › Close Acknowledgment as recevier " classname="WorkPermitWorkFlow.spec.ts" time="13.597">
<system-out>
<![CDATA[Console Listener fixture...
Filling Acknowledge

Checking response:
url=<http://localhost:4200/api/v1/workflows/process-instances/2251799813685382/variables?local=true&elementInstanceKey=2251799813689400> postData <{"closureAcknowledgment":{"closureAcknowledgment.acknowledged":true},"lastUpdatedTimestamp_2251799813689401":1740038216523}>
urlPattern </workflows\/process-instances\/\d+\/variables\?.*/> expPayload <closureAcknowledgment>
Complete response JSON
{
  "closureAcknowledgment": {
    "closureAcknowledgment.acknowledged": true
  },
  "taskSubmittingUser": {
    "id": "e2e_receiver_user@cntxt.com",
    "name": "e2e receiver",
    "email": "e2e_receiver_user@cntxt.com",
    "org": "cm7d1c0qr0002u8tlri2ourws",
    "currentOrg": {
      "id": "cm7d1c0qr0002u8tlri2ourws",
      "name": "E2E Org",
      "userId": null,
      "currentWorkflowId": "",
      "parentOrgId": null,
      "tenantId": 1,
      "externalId": null
    },
    "actions": [
      "WORKFLOW_ROLE_RECEIVER",
      "WORKFLOW_FORM_WORK_DESCRIPTION",
      "WORKFLOW_FORM_WORK_TYPE",
      "WORKFLOW_FORM_PERMIT_ACKNOWLEDGEMENT",
      "WORKFLOW_FORM_WORK_ON_SITE",
      "WORKFLOW_SUBMIT_DESCRIPTION",
      "WORKFLOW_RISK_ACKNOWLEDGEMENT",
      "WORKFLOW_ACTIVE_PERMIT_ACTIONS",
      "WORKFLOW_READ_PERMIT",
      "WORKFLOW_CREATE_PERMIT",
      "WORKFLOW_AUTO_ASSIGN_RECEIVER",
      "WORKFLOW_IN_RECEIVER_LIST",
      "WORKFLOW_FORM_ACKNOWLEDGE_SCHEDULE_SITE_VISIT",
      "WORKFLOW_ROLE_RECEIVER",
      "WORKFLOW_FORM_WORK_DESCRIPTION",
      "WORKFLOW_FORM_WORK_TYPE",
      "WORKFLOW_FORM_PERMIT_ACKNOWLEDGEMENT",
      "WORKFLOW_FORM_WORK_ON_SITE",
      "WORKFLOW_SUBMIT_DESCRIPTION",
      "WORKFLOW_RISK_ACKNOWLEDGEMENT",
      "WORKFLOW_ACTIVE_PERMIT_ACTIONS",
      "WORKFLOW_READ_PERMIT",
      "WORKFLOW_CREATE_PERMIT",
      "WORKFLOW_AUTO_ASSIGN_RECEIVER",
      "WORKFLOW_IN_RECEIVER_LIST",
      "WORKFLOW_FORM_ACKNOWLEDGE_SCHEDULE_SITE_VISIT"
    ]
  },
  "lastUpdatedTimestamp_2251799813689401": 1740038217041
}
Verifying console and network messages...
]]>
</system-out>
</testcase>
<testcase name="@regular @dwp without Gas Testing @smoke › Post work on site inspection as issuer " classname="WorkPermitWorkFlow.spec.ts" time="16.389">
<system-out>
<![CDATA[Console Listener fixture...
Fill comments with following data:
Acquiro reprehenderit abbas explicabo blanditiis tyrannus terminatio architecto antepono curriculum.
Complete response JSON
{
  "workCompletionDetails": "Acquiro reprehenderit abbas explicabo blanditiis tyrannus terminatio architecto antepono curriculum.",
  "taskSubmittingUser": {
    "id": "e2e_issuer_user@cntxt.com",
    "name": "e2e issuer",
    "email": "e2e_issuer_user@cntxt.com",
    "org": "cm7d1c0qr0002u8tlri2ourws",
    "currentOrg": {
      "id": "cm7d1c0qr0002u8tlri2ourws",
      "name": "E2E Org",
      "userId": null,
      "currentWorkflowId": "",
      "parentOrgId": null,
      "tenantId": 1,
      "externalId": null
    },
    "actions": [
      "WORKFLOW_READ_PERMIT",
      "WORKFLOW_ASSIGN_ISSUER",
      "WORKFLOW_ASSIGN_RECEIVER",
      "WORKFLOW_PROGRESS_PERMIT",
      "WORKFLOW_GAS_TESTS_REVIEW",
      "WORKFLOW_AUTHORIZE_PERMIT",
      "WORKFLOW_ISSUE_PERMIT",
      "WORKFLOW_ACTIVE_PERMIT_ACTIONS",
      "WORKFLOW_FORM_WORK_DESCRIPTION",
      "WORKFLOW_FORM_WORK_TYPE",
      "WORKFLOW_FORM_HAZARD_IDENTIFICATION",
      "WORKFLOW_FORM_SUPPLEMENTARY_DOCUMENTS",
      "WORKFLOW_FORM_SCHEDULE_SITE_VISIT",
      "WORKFLOW_FORM_REVIEW_GAS_TESTS",
      "WORKFLOW_FORM_JSI",
      "WORKFLOW_COMPLETE_JSI",
      "WORKFLOW_FORM_ISSUE_PERMIT",
      "WORKFLOW_FORM_POST_WORK_INSPECTION",
      "WORKFLOW_READ_PERMIT",
      "WORKFLOW_CREATE_PERMIT",
      "WORKFLOW_FORM_RENEW",
      "WORKFLOW_FORM_WORK_DESCRIPTION_REVIEW",
      "WORKFLOW_FORM_HIGHER_APPROVAL_REQUEST",
      "WORKFLOW_FORM_COUNTER_SIGNATURE_MANAGE_REQUEST",
      "WORKFLOW_SUBMIT_DESCRIPTION",
      "WORKFLOW_IN_ISSUER_LIST",
      "WORKFLOW_REQUEST_HIGHER_APPROVAL",
      "WORKFLOW_FORM_WORK_ON_SITE",
      "WORKFLOW_ROLE_JSA_REQUESTER",
      "WORKFLOW_FORM_JSA_GENERAL_INFORMATION",
      "WORKFLOW_CREATE_JSA",
      "WORKFLOW_READ_JSA",
      "WORKFLOW_LIST_JSA",
      "WORKFLOW_VIEW_JSA_DASHBOARD",
      "WORKFLOW_READ_PERMIT",
      "WORKFLOW_ASSIGN_ISSUER",
      "WORKFLOW_ASSIGN_RECEIVER",
      "WORKFLOW_PROGRESS_PERMIT",
      "WORKFLOW_GAS_TESTS_REVIEW",
      "WORKFLOW_AUTHORIZE_PERMIT",
      "WORKFLOW_ISSUE_PERMIT",
      "WORKFLOW_ACTIVE_PERMIT_ACTIONS",
      "WORKFLOW_FORM_WORK_DESCRIPTION",
      "WORKFLOW_FORM_WORK_TYPE",
      "WORKFLOW_FORM_HAZARD_IDENTIFICATION",
      "WORKFLOW_FORM_SUPPLEMENTARY_DOCUMENTS",
      "WORKFLOW_FORM_SCHEDULE_SITE_VISIT",
      "WORKFLOW_FORM_REVIEW_GAS_TESTS",
      "WORKFLOW_FORM_JSI",
      "WORKFLOW_COMPLETE_JSI",
      "WORKFLOW_FORM_ISSUE_PERMIT",
      "WORKFLOW_FORM_POST_WORK_INSPECTION",
      "WORKFLOW_READ_PERMIT",
      "WORKFLOW_CREATE_PERMIT",
      "WORKFLOW_FORM_RENEW",
      "WORKFLOW_FORM_WORK_DESCRIPTION_REVIEW",
      "WORKFLOW_FORM_HIGHER_APPROVAL_REQUEST",
      "WORKFLOW_FORM_COUNTER_SIGNATURE_MANAGE_REQUEST",
      "WORKFLOW_SUBMIT_DESCRIPTION",
      "WORKFLOW_IN_ISSUER_LIST",
      "WORKFLOW_REQUEST_HIGHER_APPROVAL",
      "WORKFLOW_FORM_WORK_ON_SITE",
      "WORKFLOW_ROLE_JSA_REQUESTER",
      "WORKFLOW_FORM_JSA_GENERAL_INFORMATION",
      "WORKFLOW_CREATE_JSA",
      "WORKFLOW_READ_JSA",
      "WORKFLOW_LIST_JSA",
      "WORKFLOW_VIEW_JSA_DASHBOARD"
    ]
  },
  "lastUpdatedTimestamp_2251799813689568": 1740038234008
}
Verifying console and network messages...
]]>
</system-out>
</testcase>
</testsuite>
</testsuites>
